<?xml version="1.0" encoding="UTF-8"?>
<robot generator="Robot 6.0.1 (Python 3.11.0 on win32)" generated="20221226 03:44:54.994" rpa="false" schemaversion="3">
<suite id="s1" name="Shopping Cart" source="C:\Users\ADMIN\Desktop\Automation-Test-DATN\SalesPizza\TestCases\shopping_cart.robot">
<test id="s1-t1" name="TC_18" line="276">
<kw name="Mo_Trang_Web" library="common_LLK">
<arg>http://localhost:81/Shale-PIZZAzzz-master/public/pizza</arg>
<kw name="Open Browser" library="SeleniumLibrary">
<arg>${url}</arg>
<arg>${browser}</arg>
<doc>Opens a new browser instance to the optional ``url``.</doc>
<msg timestamp="20221226 03:44:55.794" level="INFO">Opening browser 'chrome' to base url 'http://localhost:81/Shale-PIZZAzzz-master/public/pizza'.</msg>
<status status="PASS" starttime="20221226 03:44:55.792" endtime="20221226 03:45:00.147"/>
</kw>
<kw name="Max_Size_Browser" library="common_LLK">
<kw name="Maximize Browser Window" library="SeleniumLibrary">
<doc>Maximizes current browser window.</doc>
<status status="PASS" starttime="20221226 03:45:00.150" endtime="20221226 03:45:00.307"/>
</kw>
<status status="PASS" starttime="20221226 03:45:00.148" endtime="20221226 03:45:00.308"/>
</kw>
<status status="PASS" starttime="20221226 03:44:55.791" endtime="20221226 03:45:00.308"/>
</kw>
<kw name="Dang_Nhap" library="dang_nhap_HLK">
<arg>buithingoclinh</arg>
<arg>66668888</arg>
<kw name="Click_Sign_In" library="dang_nhap_LLK">
<doc>Click vào sign input</doc>
<kw name="Wait Until Element Is Visible" library="SeleniumLibrary">
<arg>//a[text()='SIGN IN /']</arg>
<doc>Waits until the element ``locator`` is visible.</doc>
<status status="PASS" starttime="20221226 03:45:00.311" endtime="20221226 03:45:00.373"/>
</kw>
<kw name="Click Element" library="SeleniumLibrary">
<arg>//a[text()='SIGN IN /']</arg>
<doc>Click the element identified by ``locator``.</doc>
<msg timestamp="20221226 03:45:00.374" level="INFO">Clicking element '//a[text()='SIGN IN /']'.</msg>
<status status="PASS" starttime="20221226 03:45:00.373" endtime="20221226 03:45:00.493"/>
</kw>
<status status="PASS" starttime="20221226 03:45:00.310" endtime="20221226 03:45:00.493"/>
</kw>
<kw name="Input_Tai_Khoan" library="dang_nhap_LLK">
<arg>${userName}</arg>
<doc>Nhập tài khoản</doc>
<kw name="Wait Until Element Is Visible" library="SeleniumLibrary">
<arg>//input[@name='txtUser']</arg>
<doc>Waits until the element ``locator`` is visible.</doc>
<status status="PASS" starttime="20221226 03:45:00.495" endtime="20221226 03:45:00.560"/>
</kw>
<kw name="Input Text" library="SeleniumLibrary">
<arg>//input[@name='txtUser']</arg>
<arg>${tai_khoan}</arg>
<doc>Types the given ``text`` into the text field identified by ``locator``.</doc>
<msg timestamp="20221226 03:45:00.561" level="INFO">Typing text 'buithingoclinh' into text field '//input[@name='txtUser']'.</msg>
<status status="PASS" starttime="20221226 03:45:00.560" endtime="20221226 03:45:00.817"/>
</kw>
<status status="PASS" starttime="20221226 03:45:00.494" endtime="20221226 03:45:00.818"/>
</kw>
<kw name="Input_Mat_Khau" library="dang_nhap_LLK">
<arg>${password}</arg>
<doc>Nhập mật khẩu</doc>
<kw name="Wait Until Element Is Visible" library="SeleniumLibrary">
<arg>//input[@name='txtPass']</arg>
<doc>Waits until the element ``locator`` is visible.</doc>
<status status="PASS" starttime="20221226 03:45:00.820" endtime="20221226 03:45:00.870"/>
</kw>
<kw name="Input Password" library="SeleniumLibrary">
<arg>//input[@name='txtPass']</arg>
<arg>${mat_khau}</arg>
<doc>Types the given password into the text field identified by ``locator``.</doc>
<msg timestamp="20221226 03:45:00.871" level="INFO">Typing password into text field '//input[@name='txtPass']'.</msg>
<msg timestamp="20221226 03:45:00.947" level="INFO">Temporally setting log level to: NONE</msg>
<msg timestamp="20221226 03:45:01.065" level="INFO">Log level changed from NONE to INFO.</msg>
<status status="PASS" starttime="20221226 03:45:00.870" endtime="20221226 03:45:01.065"/>
</kw>
<status status="PASS" starttime="20221226 03:45:00.818" endtime="20221226 03:45:01.066"/>
</kw>
<kw name="Click_Dang_Nhap" library="dang_nhap_LLK">
<doc>Click vào nút đăng nhập</doc>
<kw name="Wait Until Element Is Visible" library="SeleniumLibrary">
<arg>//button[@id='btnLogin']</arg>
<doc>Waits until the element ``locator`` is visible.</doc>
<status status="PASS" starttime="20221226 03:45:01.067" endtime="20221226 03:45:01.115"/>
</kw>
<kw name="Click Element" library="SeleniumLibrary">
<arg>//button[@id='btnLogin']</arg>
<doc>Click the element identified by ``locator``.</doc>
<msg timestamp="20221226 03:45:01.116" level="INFO">Clicking element '//button[@id='btnLogin']'.</msg>
<status status="PASS" starttime="20221226 03:45:01.115" endtime="20221226 03:45:02.313"/>
</kw>
<status status="PASS" starttime="20221226 03:45:01.066" endtime="20221226 03:45:02.315"/>
</kw>
<status status="PASS" starttime="20221226 03:45:00.309" endtime="20221226 03:45:02.316"/>
</kw>
<kw name="Check_Dang_Nhap" library="dang_nhap_verify">
<arg>buithingoclinh</arg>
<doc>Kiểm tra xem tài khoản đăng nhập đã được chưa và có đúng hay không</doc>
<kw name="Get Text" library="SeleniumLibrary">
<var>${actual}</var>
<arg>//div[@id='signin-signup']//a[1]</arg>
<doc>Returns the text value of the element identified by ``locator``.</doc>
<msg timestamp="20221226 03:45:02.400" level="INFO">${actual} = Hello buithingoclinh /</msg>
<status status="PASS" starttime="20221226 03:45:02.321" endtime="20221226 03:45:02.400"/>
</kw>
<kw name="Should Contain" library="BuiltIn">
<arg>${actual}</arg>
<arg>${expected}</arg>
<doc>Fails if ``container`` does not contain ``item`` one or more times.</doc>
<status status="PASS" starttime="20221226 03:45:02.401" endtime="20221226 03:45:02.402"/>
</kw>
<status status="PASS" starttime="20221226 03:45:02.319" endtime="20221226 03:45:02.402"/>
</kw>
<kw name="Click_Btn_Add_To_Cart" library="cart_LLK">
<arg>//a[contains(@href, '/addCart/20')]</arg>
<doc>Click vào button Add to cart - Thêm vào giỏ hàng</doc>
<kw name="Scroll Element Into View" library="SeleniumLibrary">
<arg>${locator}</arg>
<doc>Scrolls the element identified by ``locator`` into view.</doc>
<status status="PASS" starttime="20221226 03:45:02.404" endtime="20221226 03:45:02.722"/>
</kw>
<kw name="Sleep" library="BuiltIn">
<arg>0.5s</arg>
<doc>Pauses the test executed for the given time.</doc>
<msg timestamp="20221226 03:45:03.222" level="INFO">Slept 500 milliseconds</msg>
<status status="PASS" starttime="20221226 03:45:02.722" endtime="20221226 03:45:03.222"/>
</kw>
<kw name="Click Element" library="SeleniumLibrary">
<arg>${locator}</arg>
<doc>Click the element identified by ``locator``.</doc>
<msg timestamp="20221226 03:45:03.223" level="INFO">Clicking element '//a[contains(@href, '/addCart/20')]'.</msg>
<status status="PASS" starttime="20221226 03:45:03.222" endtime="20221226 03:45:04.057"/>
</kw>
<status status="PASS" starttime="20221226 03:45:02.403" endtime="20221226 03:45:04.058"/>
</kw>
<kw name="Hien_Thi_Thong_Tin_Gio_Hang" library="menu_LLK">
<doc>Hiển thị thông tin giỏ hàng</doc>
<kw name="Click Element" library="SeleniumLibrary">
<arg>//i[contains(@class, 'fa-shopping-cart')]</arg>
<doc>Click the element identified by ``locator``.</doc>
<msg timestamp="20221226 03:45:04.061" level="INFO">Clicking element '//i[contains(@class, 'fa-shopping-cart')]'.</msg>
<status status="PASS" starttime="20221226 03:45:04.060" endtime="20221226 03:45:04.737"/>
</kw>
<kw name="Scroll Element Into View" library="SeleniumLibrary">
<arg>//a[text()='Continue Shopping']</arg>
<doc>Scrolls the element identified by ``locator`` into view.</doc>
<status status="PASS" starttime="20221226 03:45:04.738" endtime="20221226 03:45:05.070"/>
</kw>
<status status="PASS" starttime="20221226 03:45:04.059" endtime="20221226 03:45:05.071"/>
</kw>
<kw name="Check_San_Pham_Trong_Gio_Hang_HLK" library="shopping_cart_verify">
<arg>1</arg>
<arg>SUPER SUPREME</arg>
<arg>1</arg>
<arg>10</arg>
<doc>Kiểm tra thông tin sản phẩm (tên, số lượng, giá) vừa được thêm vào trong giỏ hàng (High level key word)</doc>
<kw name="Check_Ten_San_Pham_Trong_Gio_Hang" library="shopping_cart_verify">
<arg>${row}</arg>
<arg>${ten_san_pham}</arg>
<doc>Kiểm tra tên sản phẩm trong giỏ hàng vừa được thêm</doc>
<kw name="Get Text" library="SeleniumLibrary">
<var>${actual}</var>
<arg>//table[contains(@class, 'table-striped')]//tbody//tr[${row}]//td[2]</arg>
<doc>Returns the text value of the element identified by ``locator``.</doc>
<msg timestamp="20221226 03:45:05.127" level="INFO">${actual} = SUPER SUPREME</msg>
<status status="PASS" starttime="20221226 03:45:05.074" endtime="20221226 03:45:05.128"/>
</kw>
<kw name="Should Be Equal" library="BuiltIn">
<arg>${actual}</arg>
<arg>${expected}</arg>
<doc>Fails if the given objects are unequal.</doc>
<status status="PASS" starttime="20221226 03:45:05.128" endtime="20221226 03:45:05.128"/>
</kw>
<status status="PASS" starttime="20221226 03:45:05.073" endtime="20221226 03:45:05.129"/>
</kw>
<kw name="Check_So_Luong_San_Pham_Trong_Gio_Hang" library="shopping_cart_verify">
<arg>${row}</arg>
<arg>${so_luong_san_pham}</arg>
<doc>Kiểm tra số lượng sản phẩm trong giỏ hàng vừa được thêm</doc>
<kw name="Get Element Attribute" library="SeleniumLibrary">
<var>${actual}</var>
<arg>//table[contains(@class, 'table-striped')]//tbody//tr[${row}]//td[3]//input</arg>
<arg>value</arg>
<doc>Returns the value of ``attribute`` from the element ``locator``.</doc>
<msg timestamp="20221226 03:45:05.130" level="WARN">Keyword 'Get Element Attribute' found both from a custom library 'SeleniumLibrary' and a standard library 'XML'. The custom keyword is used. To select explicitly, and to get rid of this warning, use either 'SeleniumLibrary.Get Element Attribute' or 'XML.Get Element Attribute'.</msg>
<msg timestamp="20221226 03:45:05.187" level="INFO">${actual} = 1</msg>
<status status="PASS" starttime="20221226 03:45:05.130" endtime="20221226 03:45:05.188"/>
</kw>
<kw name="Should Be Equal" library="BuiltIn">
<arg>${actual}</arg>
<arg>${expected}</arg>
<doc>Fails if the given objects are unequal.</doc>
<status status="PASS" starttime="20221226 03:45:05.188" endtime="20221226 03:45:05.189"/>
</kw>
<status status="PASS" starttime="20221226 03:45:05.129" endtime="20221226 03:45:05.189"/>
</kw>
<kw name="Check_Gia_San_Pham_Trong_Gio_Hang" library="shopping_cart_verify">
<arg>${row}</arg>
<arg>${gia_san_pham}</arg>
<doc>Kiểm tra giá sản phẩm trong giỏ hàng vừa được thêm</doc>
<kw name="Get Text" library="SeleniumLibrary">
<var>${actual}</var>
<arg>//table[contains(@class, 'table-striped')]//tbody//tr[${row}]//td[4]</arg>
<doc>Returns the text value of the element identified by ``locator``.</doc>
<msg timestamp="20221226 03:45:05.236" level="INFO">${actual} = 10 $</msg>
<status status="PASS" starttime="20221226 03:45:05.191" endtime="20221226 03:45:05.236"/>
</kw>
<kw name="Should Contain" library="BuiltIn">
<arg>${actual}</arg>
<arg>${expected}</arg>
<doc>Fails if ``container`` does not contain ``item`` one or more times.</doc>
<status status="PASS" starttime="20221226 03:45:05.236" endtime="20221226 03:45:05.237"/>
</kw>
<status status="PASS" starttime="20221226 03:45:05.190" endtime="20221226 03:45:05.237"/>
</kw>
<status status="PASS" starttime="20221226 03:45:05.072" endtime="20221226 03:45:05.237"/>
</kw>
<kw name="CLick_Btn_Breads_V2" library="menu_LLK">
<arg>galicbreads</arg>
<doc>CLick button GARLIC BREADS trong trang Menu version 2</doc>
<kw name="Go To" library="SeleniumLibrary">
<arg>http://localhost:81/Shale-PIZZAzzz-master/public/${suffix}</arg>
<doc>Navigates the current browser window to the provided ``url``.</doc>
<msg timestamp="20221226 03:45:05.239" level="INFO">Opening url 'http://localhost:81/Shale-PIZZAzzz-master/public/galicbreads'</msg>
<status status="PASS" starttime="20221226 03:45:05.239" endtime="20221226 03:45:05.826"/>
</kw>
<kw name="Scroll Element Into View" library="SeleniumLibrary">
<arg>//p[text()='Good for health']</arg>
<doc>Scrolls the element identified by ``locator`` into view.</doc>
<status status="PASS" starttime="20221226 03:45:05.827" endtime="20221226 03:45:06.153"/>
</kw>
<status status="PASS" starttime="20221226 03:45:05.238" endtime="20221226 03:45:06.154"/>
</kw>
<kw name="Sleep" library="BuiltIn">
<arg>2s</arg>
<doc>Pauses the test executed for the given time.</doc>
<msg timestamp="20221226 03:45:08.157" level="INFO">Slept 2 seconds</msg>
<status status="PASS" starttime="20221226 03:45:06.155" endtime="20221226 03:45:08.157"/>
</kw>
<kw name="Click_Btn_Add_To_Cart" library="cart_LLK">
<arg>//a[contains(@href, '/addCart/29')]</arg>
<doc>Click vào button Add to cart - Thêm vào giỏ hàng</doc>
<kw name="Scroll Element Into View" library="SeleniumLibrary">
<arg>${locator}</arg>
<doc>Scrolls the element identified by ``locator`` into view.</doc>
<status status="PASS" starttime="20221226 03:45:08.159" endtime="20221226 03:45:08.481"/>
</kw>
<kw name="Sleep" library="BuiltIn">
<arg>0.5s</arg>
<doc>Pauses the test executed for the given time.</doc>
<msg timestamp="20221226 03:45:08.982" level="INFO">Slept 500 milliseconds</msg>
<status status="PASS" starttime="20221226 03:45:08.482" endtime="20221226 03:45:08.982"/>
</kw>
<kw name="Click Element" library="SeleniumLibrary">
<arg>${locator}</arg>
<doc>Click the element identified by ``locator``.</doc>
<msg timestamp="20221226 03:45:08.983" level="INFO">Clicking element '//a[contains(@href, '/addCart/29')]'.</msg>
<status status="PASS" starttime="20221226 03:45:08.982" endtime="20221226 03:45:10.136"/>
</kw>
<status status="PASS" starttime="20221226 03:45:08.158" endtime="20221226 03:45:10.137"/>
</kw>
<kw name="Hien_Thi_Thong_Tin_Gio_Hang" library="menu_LLK">
<doc>Hiển thị thông tin giỏ hàng</doc>
<kw name="Click Element" library="SeleniumLibrary">
<arg>//i[contains(@class, 'fa-shopping-cart')]</arg>
<doc>Click the element identified by ``locator``.</doc>
<msg timestamp="20221226 03:45:10.142" level="INFO">Clicking element '//i[contains(@class, 'fa-shopping-cart')]'.</msg>
<status status="PASS" starttime="20221226 03:45:10.141" endtime="20221226 03:45:11.109"/>
</kw>
<kw name="Scroll Element Into View" library="SeleniumLibrary">
<arg>//a[text()='Continue Shopping']</arg>
<doc>Scrolls the element identified by ``locator`` into view.</doc>
<status status="PASS" starttime="20221226 03:45:11.110" endtime="20221226 03:45:11.414"/>
</kw>
<status status="PASS" starttime="20221226 03:45:10.139" endtime="20221226 03:45:11.415"/>
</kw>
<kw name="Check_San_Pham_Trong_Gio_Hang_HLK" library="shopping_cart_verify">
<arg>2</arg>
<arg>Double-Garlic &amp; Herb Bread</arg>
<arg>1</arg>
<arg>7</arg>
<doc>Kiểm tra thông tin sản phẩm (tên, số lượng, giá) vừa được thêm vào trong giỏ hàng (High level key word)</doc>
<kw name="Check_Ten_San_Pham_Trong_Gio_Hang" library="shopping_cart_verify">
<arg>${row}</arg>
<arg>${ten_san_pham}</arg>
<doc>Kiểm tra tên sản phẩm trong giỏ hàng vừa được thêm</doc>
<kw name="Get Text" library="SeleniumLibrary">
<var>${actual}</var>
<arg>//table[contains(@class, 'table-striped')]//tbody//tr[${row}]//td[2]</arg>
<doc>Returns the text value of the element identified by ``locator``.</doc>
<msg timestamp="20221226 03:45:11.477" level="INFO">${actual} = Double-Garlic &amp; Herb Bread</msg>
<status status="PASS" starttime="20221226 03:45:11.418" endtime="20221226 03:45:11.477"/>
</kw>
<kw name="Should Be Equal" library="BuiltIn">
<arg>${actual}</arg>
<arg>${expected}</arg>
<doc>Fails if the given objects are unequal.</doc>
<status status="PASS" starttime="20221226 03:45:11.478" endtime="20221226 03:45:11.478"/>
</kw>
<status status="PASS" starttime="20221226 03:45:11.417" endtime="20221226 03:45:11.479"/>
</kw>
<kw name="Check_So_Luong_San_Pham_Trong_Gio_Hang" library="shopping_cart_verify">
<arg>${row}</arg>
<arg>${so_luong_san_pham}</arg>
<doc>Kiểm tra số lượng sản phẩm trong giỏ hàng vừa được thêm</doc>
<kw name="Get Element Attribute" library="SeleniumLibrary">
<var>${actual}</var>
<arg>//table[contains(@class, 'table-striped')]//tbody//tr[${row}]//td[3]//input</arg>
<arg>value</arg>
<doc>Returns the value of ``attribute`` from the element ``locator``.</doc>
<msg timestamp="20221226 03:45:11.480" level="WARN">Keyword 'Get Element Attribute' found both from a custom library 'SeleniumLibrary' and a standard library 'XML'. The custom keyword is used. To select explicitly, and to get rid of this warning, use either 'SeleniumLibrary.Get Element Attribute' or 'XML.Get Element Attribute'.</msg>
<msg timestamp="20221226 03:45:11.540" level="INFO">${actual} = 1</msg>
<status status="PASS" starttime="20221226 03:45:11.480" endtime="20221226 03:45:11.540"/>
</kw>
<kw name="Should Be Equal" library="BuiltIn">
<arg>${actual}</arg>
<arg>${expected}</arg>
<doc>Fails if the given objects are unequal.</doc>
<status status="PASS" starttime="20221226 03:45:11.540" endtime="20221226 03:45:11.541"/>
</kw>
<status status="PASS" starttime="20221226 03:45:11.479" endtime="20221226 03:45:11.541"/>
</kw>
<kw name="Check_Gia_San_Pham_Trong_Gio_Hang" library="shopping_cart_verify">
<arg>${row}</arg>
<arg>${gia_san_pham}</arg>
<doc>Kiểm tra giá sản phẩm trong giỏ hàng vừa được thêm</doc>
<kw name="Get Text" library="SeleniumLibrary">
<var>${actual}</var>
<arg>//table[contains(@class, 'table-striped')]//tbody//tr[${row}]//td[4]</arg>
<doc>Returns the text value of the element identified by ``locator``.</doc>
<msg timestamp="20221226 03:45:11.596" level="INFO">${actual} = 7 $</msg>
<status status="PASS" starttime="20221226 03:45:11.542" endtime="20221226 03:45:11.596"/>
</kw>
<kw name="Should Contain" library="BuiltIn">
<arg>${actual}</arg>
<arg>${expected}</arg>
<doc>Fails if ``container`` does not contain ``item`` one or more times.</doc>
<status status="PASS" starttime="20221226 03:45:11.597" endtime="20221226 03:45:11.598"/>
</kw>
<status status="PASS" starttime="20221226 03:45:11.541" endtime="20221226 03:45:11.598"/>
</kw>
<status status="PASS" starttime="20221226 03:45:11.416" endtime="20221226 03:45:11.598"/>
</kw>
<kw name="CLick_Btn_Desserts_V2" library="menu_LLK">
<arg>dessert</arg>
<doc>CLick button DESSERTS trong trang Menu version 2</doc>
<kw name="Go To" library="SeleniumLibrary">
<arg>http://localhost:81/Shale-PIZZAzzz-master/public/${suffix}</arg>
<doc>Navigates the current browser window to the provided ``url``.</doc>
<msg timestamp="20221226 03:45:11.600" level="INFO">Opening url 'http://localhost:81/Shale-PIZZAzzz-master/public/dessert'</msg>
<status status="PASS" starttime="20221226 03:45:11.600" endtime="20221226 03:45:12.361"/>
</kw>
<kw name="Scroll Element Into View" library="SeleniumLibrary">
<arg>//p[text()='ese cheesecake bars are an excellent sweet on a low-carb or keto lifestyle.']</arg>
<doc>Scrolls the element identified by ``locator`` into view.</doc>
<status status="PASS" starttime="20221226 03:45:12.361" endtime="20221226 03:45:12.686"/>
</kw>
<status status="PASS" starttime="20221226 03:45:11.599" endtime="20221226 03:45:12.686"/>
</kw>
<kw name="Sleep" library="BuiltIn">
<arg>2s</arg>
<doc>Pauses the test executed for the given time.</doc>
<msg timestamp="20221226 03:45:14.689" level="INFO">Slept 2 seconds</msg>
<status status="PASS" starttime="20221226 03:45:12.688" endtime="20221226 03:45:14.689"/>
</kw>
<kw name="Click_Btn_Add_To_Cart" library="cart_LLK">
<arg>//a[contains(@href, '/addCart/45')]</arg>
<doc>Click vào button Add to cart - Thêm vào giỏ hàng</doc>
<kw name="Scroll Element Into View" library="SeleniumLibrary">
<arg>${locator}</arg>
<doc>Scrolls the element identified by ``locator`` into view.</doc>
<status status="PASS" starttime="20221226 03:45:14.691" endtime="20221226 03:45:15.029"/>
</kw>
<kw name="Sleep" library="BuiltIn">
<arg>0.5s</arg>
<doc>Pauses the test executed for the given time.</doc>
<msg timestamp="20221226 03:45:15.530" level="INFO">Slept 500 milliseconds</msg>
<status status="PASS" starttime="20221226 03:45:15.030" endtime="20221226 03:45:15.530"/>
</kw>
<kw name="Click Element" library="SeleniumLibrary">
<arg>${locator}</arg>
<doc>Click the element identified by ``locator``.</doc>
<msg timestamp="20221226 03:45:15.532" level="INFO">Clicking element '//a[contains(@href, '/addCart/45')]'.</msg>
<status status="PASS" starttime="20221226 03:45:15.530" endtime="20221226 03:45:16.566"/>
</kw>
<status status="PASS" starttime="20221226 03:45:14.690" endtime="20221226 03:45:16.567"/>
</kw>
<kw name="Hien_Thi_Thong_Tin_Gio_Hang" library="menu_LLK">
<doc>Hiển thị thông tin giỏ hàng</doc>
<kw name="Click Element" library="SeleniumLibrary">
<arg>//i[contains(@class, 'fa-shopping-cart')]</arg>
<doc>Click the element identified by ``locator``.</doc>
<msg timestamp="20221226 03:45:16.574" level="INFO">Clicking element '//i[contains(@class, 'fa-shopping-cart')]'.</msg>
<status status="PASS" starttime="20221226 03:45:16.571" endtime="20221226 03:45:17.561"/>
</kw>
<kw name="Scroll Element Into View" library="SeleniumLibrary">
<arg>//a[text()='Continue Shopping']</arg>
<doc>Scrolls the element identified by ``locator`` into view.</doc>
<status status="PASS" starttime="20221226 03:45:17.562" endtime="20221226 03:45:17.876"/>
</kw>
<status status="PASS" starttime="20221226 03:45:16.570" endtime="20221226 03:45:17.876"/>
</kw>
<kw name="Check_San_Pham_Trong_Gio_Hang_HLK" library="shopping_cart_verify">
<arg>3</arg>
<arg>Keto Berry-Pecan Cheesecake Bars</arg>
<arg>1</arg>
<arg>5</arg>
<doc>Kiểm tra thông tin sản phẩm (tên, số lượng, giá) vừa được thêm vào trong giỏ hàng (High level key word)</doc>
<kw name="Check_Ten_San_Pham_Trong_Gio_Hang" library="shopping_cart_verify">
<arg>${row}</arg>
<arg>${ten_san_pham}</arg>
<doc>Kiểm tra tên sản phẩm trong giỏ hàng vừa được thêm</doc>
<kw name="Get Text" library="SeleniumLibrary">
<var>${actual}</var>
<arg>//table[contains(@class, 'table-striped')]//tbody//tr[${row}]//td[2]</arg>
<doc>Returns the text value of the element identified by ``locator``.</doc>
<msg timestamp="20221226 03:45:17.944" level="INFO">${actual} = Keto Berry-Pecan Cheesecake Bars</msg>
<status status="PASS" starttime="20221226 03:45:17.879" endtime="20221226 03:45:17.944"/>
</kw>
<kw name="Should Be Equal" library="BuiltIn">
<arg>${actual}</arg>
<arg>${expected}</arg>
<doc>Fails if the given objects are unequal.</doc>
<status status="PASS" starttime="20221226 03:45:17.944" endtime="20221226 03:45:17.945"/>
</kw>
<status status="PASS" starttime="20221226 03:45:17.878" endtime="20221226 03:45:17.946"/>
</kw>
<kw name="Check_So_Luong_San_Pham_Trong_Gio_Hang" library="shopping_cart_verify">
<arg>${row}</arg>
<arg>${so_luong_san_pham}</arg>
<doc>Kiểm tra số lượng sản phẩm trong giỏ hàng vừa được thêm</doc>
<kw name="Get Element Attribute" library="SeleniumLibrary">
<var>${actual}</var>
<arg>//table[contains(@class, 'table-striped')]//tbody//tr[${row}]//td[3]//input</arg>
<arg>value</arg>
<doc>Returns the value of ``attribute`` from the element ``locator``.</doc>
<msg timestamp="20221226 03:45:17.947" level="WARN">Keyword 'Get Element Attribute' found both from a custom library 'SeleniumLibrary' and a standard library 'XML'. The custom keyword is used. To select explicitly, and to get rid of this warning, use either 'SeleniumLibrary.Get Element Attribute' or 'XML.Get Element Attribute'.</msg>
<msg timestamp="20221226 03:45:18.006" level="INFO">${actual} = 1</msg>
<status status="PASS" starttime="20221226 03:45:17.947" endtime="20221226 03:45:18.006"/>
</kw>
<kw name="Should Be Equal" library="BuiltIn">
<arg>${actual}</arg>
<arg>${expected}</arg>
<doc>Fails if the given objects are unequal.</doc>
<status status="PASS" starttime="20221226 03:45:18.007" endtime="20221226 03:45:18.008"/>
</kw>
<status status="PASS" starttime="20221226 03:45:17.946" endtime="20221226 03:45:18.008"/>
</kw>
<kw name="Check_Gia_San_Pham_Trong_Gio_Hang" library="shopping_cart_verify">
<arg>${row}</arg>
<arg>${gia_san_pham}</arg>
<doc>Kiểm tra giá sản phẩm trong giỏ hàng vừa được thêm</doc>
<kw name="Get Text" library="SeleniumLibrary">
<var>${actual}</var>
<arg>//table[contains(@class, 'table-striped')]//tbody//tr[${row}]//td[4]</arg>
<doc>Returns the text value of the element identified by ``locator``.</doc>
<msg timestamp="20221226 03:45:18.068" level="INFO">${actual} = 5 $</msg>
<status status="PASS" starttime="20221226 03:45:18.011" endtime="20221226 03:45:18.068"/>
</kw>
<kw name="Should Contain" library="BuiltIn">
<arg>${actual}</arg>
<arg>${expected}</arg>
<doc>Fails if ``container`` does not contain ``item`` one or more times.</doc>
<status status="PASS" starttime="20221226 03:45:18.069" endtime="20221226 03:45:18.069"/>
</kw>
<status status="PASS" starttime="20221226 03:45:18.009" endtime="20221226 03:45:18.069"/>
</kw>
<status status="PASS" starttime="20221226 03:45:17.877" endtime="20221226 03:45:18.069"/>
</kw>
<kw name="Check_Tong_So_Luong_San_Pham_Trong_Gio_Hang" library="shopping_cart_verify">
<arg>3</arg>
<doc>Kiểm tra tổng số lượng sản phẩm trong giỏ hàng</doc>
<kw name="Get Table Cell" library="SeleniumLibrary">
<var>${actual}</var>
<arg>//table[contains(@class, 'table-striped')]</arg>
<arg>-2</arg>
<arg>6</arg>
<doc>Returns contents of a table cell.</doc>
<msg timestamp="20221226 03:45:18.232" level="INFO">${actual} = 3</msg>
<status status="PASS" starttime="20221226 03:45:18.072" endtime="20221226 03:45:18.232"/>
</kw>
<kw name="Should Be Equal" library="BuiltIn">
<arg>${actual}</arg>
<arg>${expected}</arg>
<doc>Fails if the given objects are unequal.</doc>
<status status="PASS" starttime="20221226 03:45:18.232" endtime="20221226 03:45:18.233"/>
</kw>
<status status="PASS" starttime="20221226 03:45:18.071" endtime="20221226 03:45:18.233"/>
</kw>
<kw name="Check_Tong_So_Gia_Tien_San_Pham_Trong_Gio_Hang" library="shopping_cart_verify">
<arg>22</arg>
<doc>Kiểm tra tổng số giá sản phẩm trong giỏ hàng</doc>
<kw name="Get Table Cell" library="SeleniumLibrary">
<var>${actual}</var>
<arg>//table[contains(@class, 'table-striped')]</arg>
<arg>-1</arg>
<arg>6</arg>
<doc>Returns contents of a table cell.</doc>
<msg timestamp="20221226 03:45:18.370" level="INFO">${actual} = 22</msg>
<status status="PASS" starttime="20221226 03:45:18.235" endtime="20221226 03:45:18.371"/>
</kw>
<kw name="Should Be Equal" library="BuiltIn">
<arg>${actual}</arg>
<arg>${expected}</arg>
<doc>Fails if the given objects are unequal.</doc>
<status status="PASS" starttime="20221226 03:45:18.371" endtime="20221226 03:45:18.372"/>
</kw>
<status status="PASS" starttime="20221226 03:45:18.234" endtime="20221226 03:45:18.372"/>
</kw>
<kw name="Sleep" library="BuiltIn">
<arg>2s</arg>
<doc>Pauses the test executed for the given time.</doc>
<msg timestamp="20221226 03:45:20.375" level="INFO">Slept 2 seconds</msg>
<status status="PASS" starttime="20221226 03:45:18.374" endtime="20221226 03:45:20.375"/>
</kw>
<kw name="Close Browser" library="SeleniumLibrary">
<doc>Closes the current browser.</doc>
<status status="PASS" starttime="20221226 03:45:20.376" endtime="20221226 03:45:22.834"/>
</kw>
<status status="PASS" starttime="20221226 03:44:55.789" endtime="20221226 03:45:22.835"/>
</test>
<test id="s1-t2" name="TC_19" line="299">
<kw name="Mo_Trang_Web" library="common_LLK">
<arg>http://localhost:81/Shale-PIZZAzzz-master/public/pizza</arg>
<kw name="Open Browser" library="SeleniumLibrary">
<arg>${url}</arg>
<arg>${browser}</arg>
<doc>Opens a new browser instance to the optional ``url``.</doc>
<msg timestamp="20221226 03:45:22.843" level="INFO">Opening browser 'chrome' to base url 'http://localhost:81/Shale-PIZZAzzz-master/public/pizza'.</msg>
<status status="PASS" starttime="20221226 03:45:22.841" endtime="20221226 03:45:26.855"/>
</kw>
<kw name="Max_Size_Browser" library="common_LLK">
<kw name="Maximize Browser Window" library="SeleniumLibrary">
<doc>Maximizes current browser window.</doc>
<status status="PASS" starttime="20221226 03:45:26.857" endtime="20221226 03:45:27.023"/>
</kw>
<status status="PASS" starttime="20221226 03:45:26.855" endtime="20221226 03:45:27.023"/>
</kw>
<status status="PASS" starttime="20221226 03:45:22.840" endtime="20221226 03:45:27.023"/>
</kw>
<kw name="Dang_Nhap" library="dang_nhap_HLK">
<arg>buithingoclinh</arg>
<arg>66668888</arg>
<kw name="Click_Sign_In" library="dang_nhap_LLK">
<doc>Click vào sign input</doc>
<kw name="Wait Until Element Is Visible" library="SeleniumLibrary">
<arg>//a[text()='SIGN IN /']</arg>
<doc>Waits until the element ``locator`` is visible.</doc>
<status status="PASS" starttime="20221226 03:45:27.026" endtime="20221226 03:45:27.087"/>
</kw>
<kw name="Click Element" library="SeleniumLibrary">
<arg>//a[text()='SIGN IN /']</arg>
<doc>Click the element identified by ``locator``.</doc>
<msg timestamp="20221226 03:45:27.088" level="INFO">Clicking element '//a[text()='SIGN IN /']'.</msg>
<status status="PASS" starttime="20221226 03:45:27.087" endtime="20221226 03:45:27.206"/>
</kw>
<status status="PASS" starttime="20221226 03:45:27.025" endtime="20221226 03:45:27.206"/>
</kw>
<kw name="Input_Tai_Khoan" library="dang_nhap_LLK">
<arg>${userName}</arg>
<doc>Nhập tài khoản</doc>
<kw name="Wait Until Element Is Visible" library="SeleniumLibrary">
<arg>//input[@name='txtUser']</arg>
<doc>Waits until the element ``locator`` is visible.</doc>
<status status="PASS" starttime="20221226 03:45:27.209" endtime="20221226 03:45:27.274"/>
</kw>
<kw name="Input Text" library="SeleniumLibrary">
<arg>//input[@name='txtUser']</arg>
<arg>${tai_khoan}</arg>
<doc>Types the given ``text`` into the text field identified by ``locator``.</doc>
<msg timestamp="20221226 03:45:27.276" level="INFO">Typing text 'buithingoclinh' into text field '//input[@name='txtUser']'.</msg>
<status status="PASS" starttime="20221226 03:45:27.275" endtime="20221226 03:45:27.544"/>
</kw>
<status status="PASS" starttime="20221226 03:45:27.207" endtime="20221226 03:45:27.544"/>
</kw>
<kw name="Input_Mat_Khau" library="dang_nhap_LLK">
<arg>${password}</arg>
<doc>Nhập mật khẩu</doc>
<kw name="Wait Until Element Is Visible" library="SeleniumLibrary">
<arg>//input[@name='txtPass']</arg>
<doc>Waits until the element ``locator`` is visible.</doc>
<status status="PASS" starttime="20221226 03:45:27.546" endtime="20221226 03:45:27.590"/>
</kw>
<kw name="Input Password" library="SeleniumLibrary">
<arg>//input[@name='txtPass']</arg>
<arg>${mat_khau}</arg>
<doc>Types the given password into the text field identified by ``locator``.</doc>
<msg timestamp="20221226 03:45:27.592" level="INFO">Typing password into text field '//input[@name='txtPass']'.</msg>
<msg timestamp="20221226 03:45:27.663" level="INFO">Temporally setting log level to: NONE</msg>
<msg timestamp="20221226 03:45:27.777" level="INFO">Log level changed from NONE to INFO.</msg>
<status status="PASS" starttime="20221226 03:45:27.591" endtime="20221226 03:45:27.778"/>
</kw>
<status status="PASS" starttime="20221226 03:45:27.544" endtime="20221226 03:45:27.778"/>
</kw>
<kw name="Click_Dang_Nhap" library="dang_nhap_LLK">
<doc>Click vào nút đăng nhập</doc>
<kw name="Wait Until Element Is Visible" library="SeleniumLibrary">
<arg>//button[@id='btnLogin']</arg>
<doc>Waits until the element ``locator`` is visible.</doc>
<status status="PASS" starttime="20221226 03:45:27.780" endtime="20221226 03:45:27.827"/>
</kw>
<kw name="Click Element" library="SeleniumLibrary">
<arg>//button[@id='btnLogin']</arg>
<doc>Click the element identified by ``locator``.</doc>
<msg timestamp="20221226 03:45:27.828" level="INFO">Clicking element '//button[@id='btnLogin']'.</msg>
<status status="PASS" starttime="20221226 03:45:27.827" endtime="20221226 03:45:29.007"/>
</kw>
<status status="PASS" starttime="20221226 03:45:27.779" endtime="20221226 03:45:29.008"/>
</kw>
<status status="PASS" starttime="20221226 03:45:27.024" endtime="20221226 03:45:29.008"/>
</kw>
<kw name="Check_Dang_Nhap" library="dang_nhap_verify">
<arg>buithingoclinh</arg>
<doc>Kiểm tra xem tài khoản đăng nhập đã được chưa và có đúng hay không</doc>
<kw name="Get Text" library="SeleniumLibrary">
<var>${actual}</var>
<arg>//div[@id='signin-signup']//a[1]</arg>
<doc>Returns the text value of the element identified by ``locator``.</doc>
<msg timestamp="20221226 03:45:29.082" level="INFO">${actual} = Hello buithingoclinh /</msg>
<status status="PASS" starttime="20221226 03:45:29.010" endtime="20221226 03:45:29.082"/>
</kw>
<kw name="Should Contain" library="BuiltIn">
<arg>${actual}</arg>
<arg>${expected}</arg>
<doc>Fails if ``container`` does not contain ``item`` one or more times.</doc>
<status status="PASS" starttime="20221226 03:45:29.083" endtime="20221226 03:45:29.083"/>
</kw>
<status status="PASS" starttime="20221226 03:45:29.009" endtime="20221226 03:45:29.083"/>
</kw>
<kw name="Click_Btn_Add_To_Cart" library="cart_LLK">
<arg>//a[contains(@href, '/addCart/20')]</arg>
<doc>Click vào button Add to cart - Thêm vào giỏ hàng</doc>
<kw name="Scroll Element Into View" library="SeleniumLibrary">
<arg>${locator}</arg>
<doc>Scrolls the element identified by ``locator`` into view.</doc>
<status status="PASS" starttime="20221226 03:45:29.086" endtime="20221226 03:45:29.402"/>
</kw>
<kw name="Sleep" library="BuiltIn">
<arg>0.5s</arg>
<doc>Pauses the test executed for the given time.</doc>
<msg timestamp="20221226 03:45:29.903" level="INFO">Slept 500 milliseconds</msg>
<status status="PASS" starttime="20221226 03:45:29.403" endtime="20221226 03:45:29.903"/>
</kw>
<kw name="Click Element" library="SeleniumLibrary">
<arg>${locator}</arg>
<doc>Click the element identified by ``locator``.</doc>
<msg timestamp="20221226 03:45:29.904" level="INFO">Clicking element '//a[contains(@href, '/addCart/20')]'.</msg>
<status status="PASS" starttime="20221226 03:45:29.903" endtime="20221226 03:45:30.847"/>
</kw>
<status status="PASS" starttime="20221226 03:45:29.085" endtime="20221226 03:45:30.848"/>
</kw>
<kw name="Hien_Thi_Thong_Tin_Gio_Hang" library="menu_LLK">
<doc>Hiển thị thông tin giỏ hàng</doc>
<kw name="Click Element" library="SeleniumLibrary">
<arg>//i[contains(@class, 'fa-shopping-cart')]</arg>
<doc>Click the element identified by ``locator``.</doc>
<msg timestamp="20221226 03:45:30.851" level="INFO">Clicking element '//i[contains(@class, 'fa-shopping-cart')]'.</msg>
<status status="PASS" starttime="20221226 03:45:30.850" endtime="20221226 03:45:31.447"/>
</kw>
<kw name="Scroll Element Into View" library="SeleniumLibrary">
<arg>//a[text()='Continue Shopping']</arg>
<doc>Scrolls the element identified by ``locator`` into view.</doc>
<status status="PASS" starttime="20221226 03:45:31.447" endtime="20221226 03:45:31.755"/>
</kw>
<status status="PASS" starttime="20221226 03:45:30.849" endtime="20221226 03:45:31.755"/>
</kw>
<kw name="Check_San_Pham_Trong_Gio_Hang_HLK" library="shopping_cart_verify">
<arg>1</arg>
<arg>SUPER SUPREME</arg>
<arg>1</arg>
<arg>10</arg>
<doc>Kiểm tra thông tin sản phẩm (tên, số lượng, giá) vừa được thêm vào trong giỏ hàng (High level key word)</doc>
<kw name="Check_Ten_San_Pham_Trong_Gio_Hang" library="shopping_cart_verify">
<arg>${row}</arg>
<arg>${ten_san_pham}</arg>
<doc>Kiểm tra tên sản phẩm trong giỏ hàng vừa được thêm</doc>
<kw name="Get Text" library="SeleniumLibrary">
<var>${actual}</var>
<arg>//table[contains(@class, 'table-striped')]//tbody//tr[${row}]//td[2]</arg>
<doc>Returns the text value of the element identified by ``locator``.</doc>
<msg timestamp="20221226 03:45:31.813" level="INFO">${actual} = SUPER SUPREME</msg>
<status status="PASS" starttime="20221226 03:45:31.759" endtime="20221226 03:45:31.813"/>
</kw>
<kw name="Should Be Equal" library="BuiltIn">
<arg>${actual}</arg>
<arg>${expected}</arg>
<doc>Fails if the given objects are unequal.</doc>
<status status="PASS" starttime="20221226 03:45:31.813" endtime="20221226 03:45:31.814"/>
</kw>
<status status="PASS" starttime="20221226 03:45:31.758" endtime="20221226 03:45:31.814"/>
</kw>
<kw name="Check_So_Luong_San_Pham_Trong_Gio_Hang" library="shopping_cart_verify">
<arg>${row}</arg>
<arg>${so_luong_san_pham}</arg>
<doc>Kiểm tra số lượng sản phẩm trong giỏ hàng vừa được thêm</doc>
<kw name="Get Element Attribute" library="SeleniumLibrary">
<var>${actual}</var>
<arg>//table[contains(@class, 'table-striped')]//tbody//tr[${row}]//td[3]//input</arg>
<arg>value</arg>
<doc>Returns the value of ``attribute`` from the element ``locator``.</doc>
<msg timestamp="20221226 03:45:31.815" level="WARN">Keyword 'Get Element Attribute' found both from a custom library 'SeleniumLibrary' and a standard library 'XML'. The custom keyword is used. To select explicitly, and to get rid of this warning, use either 'SeleniumLibrary.Get Element Attribute' or 'XML.Get Element Attribute'.</msg>
<msg timestamp="20221226 03:45:31.874" level="INFO">${actual} = 1</msg>
<status status="PASS" starttime="20221226 03:45:31.815" endtime="20221226 03:45:31.874"/>
</kw>
<kw name="Should Be Equal" library="BuiltIn">
<arg>${actual}</arg>
<arg>${expected}</arg>
<doc>Fails if the given objects are unequal.</doc>
<status status="PASS" starttime="20221226 03:45:31.874" endtime="20221226 03:45:31.875"/>
</kw>
<status status="PASS" starttime="20221226 03:45:31.814" endtime="20221226 03:45:31.875"/>
</kw>
<kw name="Check_Gia_San_Pham_Trong_Gio_Hang" library="shopping_cart_verify">
<arg>${row}</arg>
<arg>${gia_san_pham}</arg>
<doc>Kiểm tra giá sản phẩm trong giỏ hàng vừa được thêm</doc>
<kw name="Get Text" library="SeleniumLibrary">
<var>${actual}</var>
<arg>//table[contains(@class, 'table-striped')]//tbody//tr[${row}]//td[4]</arg>
<doc>Returns the text value of the element identified by ``locator``.</doc>
<msg timestamp="20221226 03:45:31.923" level="INFO">${actual} = 10 $</msg>
<status status="PASS" starttime="20221226 03:45:31.876" endtime="20221226 03:45:31.923"/>
</kw>
<kw name="Should Contain" library="BuiltIn">
<arg>${actual}</arg>
<arg>${expected}</arg>
<doc>Fails if ``container`` does not contain ``item`` one or more times.</doc>
<status status="PASS" starttime="20221226 03:45:31.924" endtime="20221226 03:45:31.924"/>
</kw>
<status status="PASS" starttime="20221226 03:45:31.875" endtime="20221226 03:45:31.925"/>
</kw>
<status status="PASS" starttime="20221226 03:45:31.756" endtime="20221226 03:45:31.925"/>
</kw>
<kw name="CLick_Btn_Breads_V2" library="menu_LLK">
<arg>galicbreads</arg>
<doc>CLick button GARLIC BREADS trong trang Menu version 2</doc>
<kw name="Go To" library="SeleniumLibrary">
<arg>http://localhost:81/Shale-PIZZAzzz-master/public/${suffix}</arg>
<doc>Navigates the current browser window to the provided ``url``.</doc>
<msg timestamp="20221226 03:45:31.927" level="INFO">Opening url 'http://localhost:81/Shale-PIZZAzzz-master/public/galicbreads'</msg>
<status status="PASS" starttime="20221226 03:45:31.927" endtime="20221226 03:45:32.497"/>
</kw>
<kw name="Scroll Element Into View" library="SeleniumLibrary">
<arg>//p[text()='Good for health']</arg>
<doc>Scrolls the element identified by ``locator`` into view.</doc>
<status status="PASS" starttime="20221226 03:45:32.498" endtime="20221226 03:45:32.833"/>
</kw>
<status status="PASS" starttime="20221226 03:45:31.926" endtime="20221226 03:45:32.834"/>
</kw>
<kw name="Sleep" library="BuiltIn">
<arg>2s</arg>
<doc>Pauses the test executed for the given time.</doc>
<msg timestamp="20221226 03:45:34.837" level="INFO">Slept 2 seconds</msg>
<status status="PASS" starttime="20221226 03:45:32.835" endtime="20221226 03:45:34.837"/>
</kw>
<kw name="Click_Btn_Add_To_Cart" library="cart_LLK">
<arg>//a[contains(@href, '/addCart/29')]</arg>
<doc>Click vào button Add to cart - Thêm vào giỏ hàng</doc>
<kw name="Scroll Element Into View" library="SeleniumLibrary">
<arg>${locator}</arg>
<doc>Scrolls the element identified by ``locator`` into view.</doc>
<status status="PASS" starttime="20221226 03:45:34.839" endtime="20221226 03:45:35.154"/>
</kw>
<kw name="Sleep" library="BuiltIn">
<arg>0.5s</arg>
<doc>Pauses the test executed for the given time.</doc>
<msg timestamp="20221226 03:45:35.656" level="INFO">Slept 500 milliseconds</msg>
<status status="PASS" starttime="20221226 03:45:35.154" endtime="20221226 03:45:35.656"/>
</kw>
<kw name="Click Element" library="SeleniumLibrary">
<arg>${locator}</arg>
<doc>Click the element identified by ``locator``.</doc>
<msg timestamp="20221226 03:45:35.657" level="INFO">Clicking element '//a[contains(@href, '/addCart/29')]'.</msg>
<status status="PASS" starttime="20221226 03:45:35.656" endtime="20221226 03:45:36.781"/>
</kw>
<status status="PASS" starttime="20221226 03:45:34.838" endtime="20221226 03:45:36.783"/>
</kw>
<kw name="Hien_Thi_Thong_Tin_Gio_Hang" library="menu_LLK">
<doc>Hiển thị thông tin giỏ hàng</doc>
<kw name="Click Element" library="SeleniumLibrary">
<arg>//i[contains(@class, 'fa-shopping-cart')]</arg>
<doc>Click the element identified by ``locator``.</doc>
<msg timestamp="20221226 03:45:36.790" level="INFO">Clicking element '//i[contains(@class, 'fa-shopping-cart')]'.</msg>
<status status="PASS" starttime="20221226 03:45:36.788" endtime="20221226 03:45:37.756"/>
</kw>
<kw name="Scroll Element Into View" library="SeleniumLibrary">
<arg>//a[text()='Continue Shopping']</arg>
<doc>Scrolls the element identified by ``locator`` into view.</doc>
<status status="PASS" starttime="20221226 03:45:37.758" endtime="20221226 03:45:38.063"/>
</kw>
<status status="PASS" starttime="20221226 03:45:36.787" endtime="20221226 03:45:38.063"/>
</kw>
<kw name="Check_San_Pham_Trong_Gio_Hang_HLK" library="shopping_cart_verify">
<arg>2</arg>
<arg>Double-Garlic &amp; Herb Bread</arg>
<arg>1</arg>
<arg>7</arg>
<doc>Kiểm tra thông tin sản phẩm (tên, số lượng, giá) vừa được thêm vào trong giỏ hàng (High level key word)</doc>
<kw name="Check_Ten_San_Pham_Trong_Gio_Hang" library="shopping_cart_verify">
<arg>${row}</arg>
<arg>${ten_san_pham}</arg>
<doc>Kiểm tra tên sản phẩm trong giỏ hàng vừa được thêm</doc>
<kw name="Get Text" library="SeleniumLibrary">
<var>${actual}</var>
<arg>//table[contains(@class, 'table-striped')]//tbody//tr[${row}]//td[2]</arg>
<doc>Returns the text value of the element identified by ``locator``.</doc>
<msg timestamp="20221226 03:45:38.130" level="INFO">${actual} = Double-Garlic &amp; Herb Bread</msg>
<status status="PASS" starttime="20221226 03:45:38.066" endtime="20221226 03:45:38.130"/>
</kw>
<kw name="Should Be Equal" library="BuiltIn">
<arg>${actual}</arg>
<arg>${expected}</arg>
<doc>Fails if the given objects are unequal.</doc>
<status status="PASS" starttime="20221226 03:45:38.131" endtime="20221226 03:45:38.131"/>
</kw>
<status status="PASS" starttime="20221226 03:45:38.065" endtime="20221226 03:45:38.131"/>
</kw>
<kw name="Check_So_Luong_San_Pham_Trong_Gio_Hang" library="shopping_cart_verify">
<arg>${row}</arg>
<arg>${so_luong_san_pham}</arg>
<doc>Kiểm tra số lượng sản phẩm trong giỏ hàng vừa được thêm</doc>
<kw name="Get Element Attribute" library="SeleniumLibrary">
<var>${actual}</var>
<arg>//table[contains(@class, 'table-striped')]//tbody//tr[${row}]//td[3]//input</arg>
<arg>value</arg>
<doc>Returns the value of ``attribute`` from the element ``locator``.</doc>
<msg timestamp="20221226 03:45:38.132" level="WARN">Keyword 'Get Element Attribute' found both from a custom library 'SeleniumLibrary' and a standard library 'XML'. The custom keyword is used. To select explicitly, and to get rid of this warning, use either 'SeleniumLibrary.Get Element Attribute' or 'XML.Get Element Attribute'.</msg>
<msg timestamp="20221226 03:45:38.265" level="INFO">${actual} = 1</msg>
<status status="PASS" starttime="20221226 03:45:38.132" endtime="20221226 03:45:38.265"/>
</kw>
<kw name="Should Be Equal" library="BuiltIn">
<arg>${actual}</arg>
<arg>${expected}</arg>
<doc>Fails if the given objects are unequal.</doc>
<status status="PASS" starttime="20221226 03:45:38.265" endtime="20221226 03:45:38.266"/>
</kw>
<status status="PASS" starttime="20221226 03:45:38.132" endtime="20221226 03:45:38.267"/>
</kw>
<kw name="Check_Gia_San_Pham_Trong_Gio_Hang" library="shopping_cart_verify">
<arg>${row}</arg>
<arg>${gia_san_pham}</arg>
<doc>Kiểm tra giá sản phẩm trong giỏ hàng vừa được thêm</doc>
<kw name="Get Text" library="SeleniumLibrary">
<var>${actual}</var>
<arg>//table[contains(@class, 'table-striped')]//tbody//tr[${row}]//td[4]</arg>
<doc>Returns the text value of the element identified by ``locator``.</doc>
<msg timestamp="20221226 03:45:38.376" level="INFO">${actual} = 7 $</msg>
<status status="PASS" starttime="20221226 03:45:38.268" endtime="20221226 03:45:38.376"/>
</kw>
<kw name="Should Contain" library="BuiltIn">
<arg>${actual}</arg>
<arg>${expected}</arg>
<doc>Fails if ``container`` does not contain ``item`` one or more times.</doc>
<status status="PASS" starttime="20221226 03:45:38.377" endtime="20221226 03:45:38.378"/>
</kw>
<status status="PASS" starttime="20221226 03:45:38.267" endtime="20221226 03:45:38.378"/>
</kw>
<status status="PASS" starttime="20221226 03:45:38.064" endtime="20221226 03:45:38.378"/>
</kw>
<kw name="CLick_Btn_Desserts_V2" library="menu_LLK">
<arg>dessert</arg>
<doc>CLick button DESSERTS trong trang Menu version 2</doc>
<kw name="Go To" library="SeleniumLibrary">
<arg>http://localhost:81/Shale-PIZZAzzz-master/public/${suffix}</arg>
<doc>Navigates the current browser window to the provided ``url``.</doc>
<msg timestamp="20221226 03:45:38.381" level="INFO">Opening url 'http://localhost:81/Shale-PIZZAzzz-master/public/dessert'</msg>
<status status="PASS" starttime="20221226 03:45:38.380" endtime="20221226 03:45:39.016"/>
</kw>
<kw name="Scroll Element Into View" library="SeleniumLibrary">
<arg>//p[text()='ese cheesecake bars are an excellent sweet on a low-carb or keto lifestyle.']</arg>
<doc>Scrolls the element identified by ``locator`` into view.</doc>
<status status="PASS" starttime="20221226 03:45:39.016" endtime="20221226 03:45:39.345"/>
</kw>
<status status="PASS" starttime="20221226 03:45:38.379" endtime="20221226 03:45:39.346"/>
</kw>
<kw name="Sleep" library="BuiltIn">
<arg>2s</arg>
<doc>Pauses the test executed for the given time.</doc>
<msg timestamp="20221226 03:45:41.347" level="INFO">Slept 2 seconds</msg>
<status status="PASS" starttime="20221226 03:45:39.347" endtime="20221226 03:45:41.347"/>
</kw>
<kw name="Click_Btn_Add_To_Cart" library="cart_LLK">
<arg>//a[contains(@href, '/addCart/45')]</arg>
<doc>Click vào button Add to cart - Thêm vào giỏ hàng</doc>
<kw name="Scroll Element Into View" library="SeleniumLibrary">
<arg>${locator}</arg>
<doc>Scrolls the element identified by ``locator`` into view.</doc>
<status status="PASS" starttime="20221226 03:45:41.349" endtime="20221226 03:45:41.666"/>
</kw>
<kw name="Sleep" library="BuiltIn">
<arg>0.5s</arg>
<doc>Pauses the test executed for the given time.</doc>
<msg timestamp="20221226 03:45:42.167" level="INFO">Slept 500 milliseconds</msg>
<status status="PASS" starttime="20221226 03:45:41.667" endtime="20221226 03:45:42.167"/>
</kw>
<kw name="Click Element" library="SeleniumLibrary">
<arg>${locator}</arg>
<doc>Click the element identified by ``locator``.</doc>
<msg timestamp="20221226 03:45:42.169" level="INFO">Clicking element '//a[contains(@href, '/addCart/45')]'.</msg>
<status status="PASS" starttime="20221226 03:45:42.167" endtime="20221226 03:45:43.350"/>
</kw>
<status status="PASS" starttime="20221226 03:45:41.348" endtime="20221226 03:45:43.350"/>
</kw>
<kw name="Hien_Thi_Thong_Tin_Gio_Hang" library="menu_LLK">
<doc>Hiển thị thông tin giỏ hàng</doc>
<kw name="Click Element" library="SeleniumLibrary">
<arg>//i[contains(@class, 'fa-shopping-cart')]</arg>
<doc>Click the element identified by ``locator``.</doc>
<msg timestamp="20221226 03:45:43.354" level="INFO">Clicking element '//i[contains(@class, 'fa-shopping-cart')]'.</msg>
<status status="PASS" starttime="20221226 03:45:43.353" endtime="20221226 03:45:44.339"/>
</kw>
<kw name="Scroll Element Into View" library="SeleniumLibrary">
<arg>//a[text()='Continue Shopping']</arg>
<doc>Scrolls the element identified by ``locator`` into view.</doc>
<status status="PASS" starttime="20221226 03:45:44.340" endtime="20221226 03:45:44.664"/>
</kw>
<status status="PASS" starttime="20221226 03:45:43.352" endtime="20221226 03:45:44.664"/>
</kw>
<kw name="Check_San_Pham_Trong_Gio_Hang_HLK" library="shopping_cart_verify">
<arg>3</arg>
<arg>Keto Berry-Pecan Cheesecake Bars</arg>
<arg>1</arg>
<arg>5</arg>
<doc>Kiểm tra thông tin sản phẩm (tên, số lượng, giá) vừa được thêm vào trong giỏ hàng (High level key word)</doc>
<kw name="Check_Ten_San_Pham_Trong_Gio_Hang" library="shopping_cart_verify">
<arg>${row}</arg>
<arg>${ten_san_pham}</arg>
<doc>Kiểm tra tên sản phẩm trong giỏ hàng vừa được thêm</doc>
<kw name="Get Text" library="SeleniumLibrary">
<var>${actual}</var>
<arg>//table[contains(@class, 'table-striped')]//tbody//tr[${row}]//td[2]</arg>
<doc>Returns the text value of the element identified by ``locator``.</doc>
<msg timestamp="20221226 03:45:44.732" level="INFO">${actual} = Keto Berry-Pecan Cheesecake Bars</msg>
<status status="PASS" starttime="20221226 03:45:44.668" endtime="20221226 03:45:44.732"/>
</kw>
<kw name="Should Be Equal" library="BuiltIn">
<arg>${actual}</arg>
<arg>${expected}</arg>
<doc>Fails if the given objects are unequal.</doc>
<status status="PASS" starttime="20221226 03:45:44.733" endtime="20221226 03:45:44.733"/>
</kw>
<status status="PASS" starttime="20221226 03:45:44.667" endtime="20221226 03:45:44.733"/>
</kw>
<kw name="Check_So_Luong_San_Pham_Trong_Gio_Hang" library="shopping_cart_verify">
<arg>${row}</arg>
<arg>${so_luong_san_pham}</arg>
<doc>Kiểm tra số lượng sản phẩm trong giỏ hàng vừa được thêm</doc>
<kw name="Get Element Attribute" library="SeleniumLibrary">
<var>${actual}</var>
<arg>//table[contains(@class, 'table-striped')]//tbody//tr[${row}]//td[3]//input</arg>
<arg>value</arg>
<doc>Returns the value of ``attribute`` from the element ``locator``.</doc>
<msg timestamp="20221226 03:45:44.734" level="WARN">Keyword 'Get Element Attribute' found both from a custom library 'SeleniumLibrary' and a standard library 'XML'. The custom keyword is used. To select explicitly, and to get rid of this warning, use either 'SeleniumLibrary.Get Element Attribute' or 'XML.Get Element Attribute'.</msg>
<msg timestamp="20221226 03:45:44.793" level="INFO">${actual} = 1</msg>
<status status="PASS" starttime="20221226 03:45:44.735" endtime="20221226 03:45:44.793"/>
</kw>
<kw name="Should Be Equal" library="BuiltIn">
<arg>${actual}</arg>
<arg>${expected}</arg>
<doc>Fails if the given objects are unequal.</doc>
<status status="PASS" starttime="20221226 03:45:44.794" endtime="20221226 03:45:44.795"/>
</kw>
<status status="PASS" starttime="20221226 03:45:44.734" endtime="20221226 03:45:44.795"/>
</kw>
<kw name="Check_Gia_San_Pham_Trong_Gio_Hang" library="shopping_cart_verify">
<arg>${row}</arg>
<arg>${gia_san_pham}</arg>
<doc>Kiểm tra giá sản phẩm trong giỏ hàng vừa được thêm</doc>
<kw name="Get Text" library="SeleniumLibrary">
<var>${actual}</var>
<arg>//table[contains(@class, 'table-striped')]//tbody//tr[${row}]//td[4]</arg>
<doc>Returns the text value of the element identified by ``locator``.</doc>
<msg timestamp="20221226 03:45:44.863" level="INFO">${actual} = 5 $</msg>
<status status="PASS" starttime="20221226 03:45:44.797" endtime="20221226 03:45:44.863"/>
</kw>
<kw name="Should Contain" library="BuiltIn">
<arg>${actual}</arg>
<arg>${expected}</arg>
<doc>Fails if ``container`` does not contain ``item`` one or more times.</doc>
<status status="PASS" starttime="20221226 03:45:44.864" endtime="20221226 03:45:44.864"/>
</kw>
<status status="PASS" starttime="20221226 03:45:44.795" endtime="20221226 03:45:44.865"/>
</kw>
<status status="PASS" starttime="20221226 03:45:44.666" endtime="20221226 03:45:44.865"/>
</kw>
<kw name="Check_Tong_So_Luong_San_Pham_Trong_Gio_Hang" library="shopping_cart_verify">
<arg>3</arg>
<doc>Kiểm tra tổng số lượng sản phẩm trong giỏ hàng</doc>
<kw name="Get Table Cell" library="SeleniumLibrary">
<var>${actual}</var>
<arg>//table[contains(@class, 'table-striped')]</arg>
<arg>-2</arg>
<arg>6</arg>
<doc>Returns contents of a table cell.</doc>
<msg timestamp="20221226 03:45:45.019" level="INFO">${actual} = 3</msg>
<status status="PASS" starttime="20221226 03:45:44.867" endtime="20221226 03:45:45.019"/>
</kw>
<kw name="Should Be Equal" library="BuiltIn">
<arg>${actual}</arg>
<arg>${expected}</arg>
<doc>Fails if the given objects are unequal.</doc>
<status status="PASS" starttime="20221226 03:45:45.019" endtime="20221226 03:45:45.020"/>
</kw>
<status status="PASS" starttime="20221226 03:45:44.866" endtime="20221226 03:45:45.020"/>
</kw>
<kw name="Check_Tong_So_Gia_Tien_San_Pham_Trong_Gio_Hang" library="shopping_cart_verify">
<arg>22</arg>
<doc>Kiểm tra tổng số giá sản phẩm trong giỏ hàng</doc>
<kw name="Get Table Cell" library="SeleniumLibrary">
<var>${actual}</var>
<arg>//table[contains(@class, 'table-striped')]</arg>
<arg>-1</arg>
<arg>6</arg>
<doc>Returns contents of a table cell.</doc>
<msg timestamp="20221226 03:45:45.139" level="INFO">${actual} = 22</msg>
<status status="PASS" starttime="20221226 03:45:45.022" endtime="20221226 03:45:45.140"/>
</kw>
<kw name="Should Be Equal" library="BuiltIn">
<arg>${actual}</arg>
<arg>${expected}</arg>
<doc>Fails if the given objects are unequal.</doc>
<status status="PASS" starttime="20221226 03:45:45.140" endtime="20221226 03:45:45.141"/>
</kw>
<status status="PASS" starttime="20221226 03:45:45.022" endtime="20221226 03:45:45.141"/>
</kw>
<kw name="Sleep" library="BuiltIn">
<arg>2s</arg>
<doc>Pauses the test executed for the given time.</doc>
<msg timestamp="20221226 03:45:47.143" level="INFO">Slept 2 seconds</msg>
<status status="PASS" starttime="20221226 03:45:45.142" endtime="20221226 03:45:47.143"/>
</kw>
<kw name="CLick_Btn_Checkout" library="cart_LLK">
<doc>Click button checkout (Thanh toán)</doc>
<kw name="Wait Until Element Is Visible" library="SeleniumLibrary">
<arg>//a[text()='Checkout']</arg>
<doc>Waits until the element ``locator`` is visible.</doc>
<status status="PASS" starttime="20221226 03:45:47.145" endtime="20221226 03:45:47.217"/>
</kw>
<kw name="Scroll Element Into View" library="SeleniumLibrary">
<arg>//a[text()='Checkout']</arg>
<doc>Scrolls the element identified by ``locator`` into view.</doc>
<status status="PASS" starttime="20221226 03:45:47.218" endtime="20221226 03:45:47.523"/>
</kw>
<kw name="Click Element" library="SeleniumLibrary">
<arg>//a[text()='Checkout']</arg>
<doc>Click the element identified by ``locator``.</doc>
<msg timestamp="20221226 03:45:47.525" level="INFO">Clicking element '//a[text()='Checkout']'.</msg>
<status status="PASS" starttime="20221226 03:45:47.523" endtime="20221226 03:45:48.774"/>
</kw>
<status status="PASS" starttime="20221226 03:45:47.144" endtime="20221226 03:45:48.775"/>
</kw>
<kw name="Sleep" library="BuiltIn">
<arg>2s</arg>
<doc>Pauses the test executed for the given time.</doc>
<msg timestamp="20221226 03:45:50.787" level="INFO">Slept 2 seconds</msg>
<status status="PASS" starttime="20221226 03:45:48.786" endtime="20221226 03:45:50.787"/>
</kw>
<kw name="Thanh_Toan_Option_2_HLK" library="cart_HLK">
<arg>//option[@value='Shale Pizza Ngoc Khanh 107 D3 Ngoc Khanh, Ba Đinh']</arg>
<arg>Linh</arg>
<arg>Bui</arg>
<arg>hello@gmail.com</arg>
<arg>1234567890</arg>
<arg>Tôi sẽ đến lấy đồ lúc trưa nay</arg>
<doc>Thanh toán High level key word</doc>
<kw name="Chon_Cach_Nhan_Hang" library="cart_LLK">
<arg>//input[@value='option2']</arg>
<doc>Chọn cách nhận hàng</doc>
<kw name="Wait Until Element Is Visible" library="SeleniumLibrary">
<arg>${options}</arg>
<doc>Waits until the element ``locator`` is visible.</doc>
<status status="PASS" starttime="20221226 03:45:50.790" endtime="20221226 03:45:50.845"/>
</kw>
<kw name="Click Element" library="SeleniumLibrary">
<arg>${options}</arg>
<doc>Click the element identified by ``locator``.</doc>
<msg timestamp="20221226 03:45:50.847" level="INFO">Clicking element '//input[@value='option2']'.</msg>
<status status="PASS" starttime="20221226 03:45:50.845" endtime="20221226 03:45:50.953"/>
</kw>
<status status="PASS" starttime="20221226 03:45:50.789" endtime="20221226 03:45:50.953"/>
</kw>
<kw name="Chon_Dia_Chi_Cua_Hang" library="cart_LLK">
<arg>${location}</arg>
<doc>Chọn địa chỉ cửa hàng nhâ đồ</doc>
<kw name="Click Element" library="SeleniumLibrary">
<arg>//select[@name='CarryOrder']</arg>
<doc>Click the element identified by ``locator``.</doc>
<msg timestamp="20221226 03:45:50.958" level="INFO">Clicking element '//select[@name='CarryOrder']'.</msg>
<status status="PASS" starttime="20221226 03:45:50.956" endtime="20221226 03:45:51.111"/>
</kw>
<kw name="Sleep" library="BuiltIn">
<arg>1s</arg>
<doc>Pauses the test executed for the given time.</doc>
<msg timestamp="20221226 03:45:52.113" level="INFO">Slept 1 second</msg>
<status status="PASS" starttime="20221226 03:45:51.111" endtime="20221226 03:45:52.113"/>
</kw>
<kw name="Click Element" library="SeleniumLibrary">
<arg>${locator}</arg>
<doc>Click the element identified by ``locator``.</doc>
<msg timestamp="20221226 03:45:52.115" level="INFO">Clicking element '//option[@value='Shale Pizza Ngoc Khanh 107 D3 Ngoc Khanh, Ba Đinh']'.</msg>
<status status="PASS" starttime="20221226 03:45:52.113" endtime="20221226 03:45:52.192"/>
</kw>
<status status="PASS" starttime="20221226 03:45:50.954" endtime="20221226 03:45:52.193"/>
</kw>
<kw name="Input_First_Name" library="cart_LLK">
<arg>${firstName}</arg>
<doc>Nhập thông tin họ tên khi thanh toán</doc>
<kw name="Input Text" library="SeleniumLibrary">
<arg>//input[@name='FirstName']</arg>
<arg>${firstName}</arg>
<doc>Types the given ``text`` into the text field identified by ``locator``.</doc>
<msg timestamp="20221226 03:45:52.197" level="INFO">Typing text 'Linh' into text field '//input[@name='FirstName']'.</msg>
<status status="PASS" starttime="20221226 03:45:52.196" endtime="20221226 03:45:52.425"/>
</kw>
<status status="PASS" starttime="20221226 03:45:52.194" endtime="20221226 03:45:52.426"/>
</kw>
<kw name="Input_Last_Name" library="cart_LLK">
<arg>${lastName}</arg>
<doc>Nhập thông tin tên khi thanh toán</doc>
<kw name="Input Text" library="SeleniumLibrary">
<arg>//input[@name='LastName']</arg>
<arg>${lastName}</arg>
<doc>Types the given ``text`` into the text field identified by ``locator``.</doc>
<msg timestamp="20221226 03:45:52.429" level="INFO">Typing text 'Bui' into text field '//input[@name='LastName']'.</msg>
<status status="PASS" starttime="20221226 03:45:52.428" endtime="20221226 03:45:52.628"/>
</kw>
<status status="PASS" starttime="20221226 03:45:52.426" endtime="20221226 03:45:52.628"/>
</kw>
<kw name="Input_Email_Khi_Thanh_Toan" library="cart_LLK">
<arg>${email}</arg>
<doc>Nhập thông tin Email khi thanh toán</doc>
<kw name="Input Text" library="SeleniumLibrary">
<arg>//input[@name='Email']</arg>
<arg>${Email}</arg>
<doc>Types the given ``text`` into the text field identified by ``locator``.</doc>
<msg timestamp="20221226 03:45:52.632" level="INFO">Typing text 'hello@gmail.com' into text field '//input[@name='Email']'.</msg>
<status status="PASS" starttime="20221226 03:45:52.630" endtime="20221226 03:45:52.908"/>
</kw>
<status status="PASS" starttime="20221226 03:45:52.629" endtime="20221226 03:45:52.909"/>
</kw>
<kw name="Input_Phone" library="cart_LLK">
<arg>${phone}</arg>
<doc>Nhập thông tin Phone khi thanh toán</doc>
<kw name="Input Text" library="SeleniumLibrary">
<arg>//input[@name='Phone']</arg>
<arg>${Phone}</arg>
<doc>Types the given ``text`` into the text field identified by ``locator``.</doc>
<msg timestamp="20221226 03:45:52.913" level="INFO">Typing text '1234567890' into text field '//input[@name='Phone']'.</msg>
<status status="PASS" starttime="20221226 03:45:52.911" endtime="20221226 03:45:53.150"/>
</kw>
<status status="PASS" starttime="20221226 03:45:52.909" endtime="20221226 03:45:53.151"/>
</kw>
<kw name="Input_Note" library="cart_LLK">
<arg>${note}</arg>
<doc>Nhập thông tin ghi chú</doc>
<kw name="Input Text" library="SeleniumLibrary">
<arg>//textarea[@name='Cmt']</arg>
<arg>${note}</arg>
<doc>Types the given ``text`` into the text field identified by ``locator``.</doc>
<msg timestamp="20221226 03:45:53.154" level="INFO">Typing text 'Tôi sẽ đến lấy đồ lúc trưa nay' into text field '//textarea[@name='Cmt']'.</msg>
<status status="PASS" starttime="20221226 03:45:53.152" endtime="20221226 03:45:53.495"/>
</kw>
<status status="PASS" starttime="20221226 03:45:53.151" endtime="20221226 03:45:53.496"/>
</kw>
<kw name="Sleep" library="BuiltIn">
<arg>2s</arg>
<doc>Pauses the test executed for the given time.</doc>
<msg timestamp="20221226 03:45:55.498" level="INFO">Slept 2 seconds</msg>
<status status="PASS" starttime="20221226 03:45:53.496" endtime="20221226 03:45:55.498"/>
</kw>
<kw name="Click_Btn_Xac_Nhan_Thanh_Toan" library="cart_LLK">
<doc>CLick button xác nhận thanh toán</doc>
<kw name="Click Element" library="SeleniumLibrary">
<arg>//div[@id='collapseTwo']//button[text()='THANH TOÁN']</arg>
<doc>Click the element identified by ``locator``.</doc>
<msg timestamp="20221226 03:45:55.500" level="INFO">Clicking element '//div[@id='collapseTwo']//button[text()='THANH TOÁN']'.</msg>
<status status="PASS" starttime="20221226 03:45:55.499" endtime="20221226 03:45:56.624"/>
</kw>
<status status="PASS" starttime="20221226 03:45:55.498" endtime="20221226 03:45:56.624"/>
</kw>
<status status="PASS" starttime="20221226 03:45:50.788" endtime="20221226 03:45:56.625"/>
</kw>
<kw name="Thanh_Toan_Tien_Vi_Momo_HLK" library="cart_HLK">
<arg>1000</arg>
<doc>Thanh toán tiền qua ví điện tử Momo</doc>
<kw name="Thanh_Toan_Momo" library="cart_LLK">
<doc>Chọn phương thức thanh toán qua ví điện tử Momo</doc>
<kw name="Click Element" library="SeleniumLibrary">
<arg>//div[@class='card']//div[@class='card-body']//input[@value='option1']</arg>
<doc>Click the element identified by ``locator``.</doc>
<msg timestamp="20221226 03:45:56.630" level="INFO">Clicking element '//div[@class='card']//div[@class='card-body']//input[@value='option1']'.</msg>
<status status="PASS" starttime="20221226 03:45:56.628" endtime="20221226 03:45:56.783"/>
</kw>
<status status="PASS" starttime="20221226 03:45:56.627" endtime="20221226 03:45:56.784"/>
</kw>
<kw name="Input_Tien_MoMo" library="cart_LLK">
<arg>${number}</arg>
<doc>Nhập số tiền sẽ thanh toán qua ví Momo</doc>
<kw name="Input Text" library="SeleniumLibrary">
<arg>//input[@name='txtCheck1']</arg>
<arg>${number}</arg>
<doc>Types the given ``text`` into the text field identified by ``locator``.</doc>
<msg timestamp="20221226 03:45:56.788" level="INFO">Typing text '1000' into text field '//input[@name='txtCheck1']'.</msg>
<status status="PASS" starttime="20221226 03:45:56.786" endtime="20221226 03:45:57.061"/>
</kw>
<status status="PASS" starttime="20221226 03:45:56.784" endtime="20221226 03:45:57.061"/>
</kw>
<kw name="Click_Btn_Xac_Nhan_Chuyen_Tien_Momo" library="cart_LLK">
<doc>Click button xác nhận thanh toán chuyển tiền sau khi đã chọn phương thức thanh toán và nhập số tiền</doc>
<kw name="Click Element" library="SeleniumLibrary">
<arg>//div[@class='card']//div[@id='collapseOne']//button[text()='CHECK OUT']</arg>
<doc>Click the element identified by ``locator``.</doc>
<msg timestamp="20221226 03:45:57.064" level="INFO">Clicking element '//div[@class='card']//div[@id='collapseOne']//button[text()='CHECK OUT']'.</msg>
<status status="PASS" starttime="20221226 03:45:57.063" endtime="20221226 03:45:58.193"/>
</kw>
<status status="PASS" starttime="20221226 03:45:57.062" endtime="20221226 03:45:58.194"/>
</kw>
<status status="PASS" starttime="20221226 03:45:56.626" endtime="20221226 03:45:58.194"/>
</kw>
<kw name="Sleep" library="BuiltIn">
<arg>1s</arg>
<doc>Pauses the test executed for the given time.</doc>
<msg timestamp="20221226 03:45:59.204" level="INFO">Slept 1 second</msg>
<status status="PASS" starttime="20221226 03:45:58.202" endtime="20221226 03:45:59.204"/>
</kw>
<kw name="Check_Thanh_Toan_Thanh_Cong" library="shopping_cart_verify">
<doc>Kiểm tra thanh toán thành công</doc>
<kw name="Get Text" library="SeleniumLibrary">
<var>${actual}</var>
<arg>//h3[text()='Thanh toán thành công ']</arg>
<doc>Returns the text value of the element identified by ``locator``.</doc>
<msg timestamp="20221226 03:45:59.275" level="INFO">${actual} = Thanh toán thành công</msg>
<status status="PASS" starttime="20221226 03:45:59.206" endtime="20221226 03:45:59.275"/>
</kw>
<kw name="Should Contain" library="BuiltIn">
<arg>${actual}</arg>
<arg>Thanh toán thành công</arg>
<doc>Fails if ``container`` does not contain ``item`` one or more times.</doc>
<status status="PASS" starttime="20221226 03:45:59.275" endtime="20221226 03:45:59.276"/>
</kw>
<status status="PASS" starttime="20221226 03:45:59.205" endtime="20221226 03:45:59.276"/>
</kw>
<kw name="Di_Chuyen_Toi_Man_Hinh_Quan_Ly_Don_Hang" library="order_table">
<doc>Di chuyển tới màn hình quản lý đơn hàng của admin</doc>
<kw name="Go To" library="SeleniumLibrary">
<arg>http://localhost:81/Shale-PIZZAzzz-master/public/backend/order-table</arg>
<doc>Navigates the current browser window to the provided ``url``.</doc>
<msg timestamp="20221226 03:45:59.279" level="INFO">Opening url 'http://localhost:81/Shale-PIZZAzzz-master/public/backend/order-table'</msg>
<status status="PASS" starttime="20221226 03:45:59.278" endtime="20221226 03:46:01.885"/>
</kw>
<status status="PASS" starttime="20221226 03:45:59.277" endtime="20221226 03:46:01.885"/>
</kw>
<kw name="Sleep" library="BuiltIn">
<arg>1s</arg>
<doc>Pauses the test executed for the given time.</doc>
<msg timestamp="20221226 03:46:02.891" level="INFO">Slept 1 second</msg>
<status status="PASS" starttime="20221226 03:46:01.889" endtime="20221226 03:46:02.891"/>
</kw>
<kw name="Scroll_Toi_Btn_Add_New_Order" library="order_table">
<doc>Scroll tới nút thêm mới đơn hàng</doc>
<kw name="Scroll Element Into View" library="SeleniumLibrary">
<arg>//a[text()='+ Add new Order']</arg>
<doc>Scrolls the element identified by ``locator`` into view.</doc>
<status status="PASS" starttime="20221226 03:46:02.893" endtime="20221226 03:46:03.239"/>
</kw>
<status status="PASS" starttime="20221226 03:46:02.892" endtime="20221226 03:46:03.239"/>
</kw>
<kw name="Check_Thong_Tin_Don_Hang_HLK" library="order_table_verify">
<arg>489</arg>
<arg>vip</arg>
<doc>Kiểm tra thông tin (trạng thái và userId) đơn hàng khi thanh toán thành công</doc>
<kw name="Check_Trang_Thai_Don_Hang_Khi_Thanh_Toan_Thanh_Cong" library="order_table_verify">
<arg>${trang_thai}</arg>
<doc>Kiểm tra trạng thái đơn hàng khi thanh toán thành công trong giao diện quản trị</doc>
<kw name="Get Table Cell" library="SeleniumLibrary">
<var>${value}</var>
<arg>//div[@id='content']//div[@class='container-fluid'][2]/div/div[1]//table</arg>
<arg>-2</arg>
<arg>4</arg>
<doc>Returns contents of a table cell.</doc>
<msg timestamp="20221226 03:46:03.431" level="INFO">${value} = vip</msg>
<status status="PASS" starttime="20221226 03:46:03.243" endtime="20221226 03:46:03.431"/>
</kw>
<kw name="Log To Console" library="BuiltIn">
<arg>${value}</arg>
<doc>Logs the given message to the console.</doc>
<status status="PASS" starttime="20221226 03:46:03.432" endtime="20221226 03:46:03.433"/>
</kw>
<kw name="Should Be Equal" library="BuiltIn">
<arg>${value}</arg>
<arg>${expect}</arg>
<doc>Fails if the given objects are unequal.</doc>
<status status="PASS" starttime="20221226 03:46:03.433" endtime="20221226 03:46:03.434"/>
</kw>
<status status="PASS" starttime="20221226 03:46:03.242" endtime="20221226 03:46:03.435"/>
</kw>
<kw name="Check_User_ID_Don_Hang_Khi_Thanh_Toan_Thanh_Cong" library="order_table_verify">
<arg>${userId}</arg>
<doc>Kiểm tra thông tin chủ sở hữu đơn hàng khi thanh toán thành công trong giao diện quản trị</doc>
<kw name="Get Table Cell" library="SeleniumLibrary">
<var>${value}</var>
<arg>//div[@id='content']//div[@class='container-fluid'][2]/div/div[1]//table</arg>
<arg>-2</arg>
<arg>2</arg>
<doc>Returns contents of a table cell.</doc>
<msg timestamp="20221226 03:46:03.570" level="INFO">${value} = 489</msg>
<status status="PASS" starttime="20221226 03:46:03.437" endtime="20221226 03:46:03.570"/>
</kw>
<kw name="Log To Console" library="BuiltIn">
<arg>${value}</arg>
<doc>Logs the given message to the console.</doc>
<status status="PASS" starttime="20221226 03:46:03.571" endtime="20221226 03:46:03.572"/>
</kw>
<kw name="Should Be Equal" library="BuiltIn">
<arg>${value}</arg>
<arg>${expect}</arg>
<doc>Fails if the given objects are unequal.</doc>
<status status="PASS" starttime="20221226 03:46:03.572" endtime="20221226 03:46:03.573"/>
</kw>
<status status="PASS" starttime="20221226 03:46:03.435" endtime="20221226 03:46:03.574"/>
</kw>
<status status="PASS" starttime="20221226 03:46:03.241" endtime="20221226 03:46:03.574"/>
</kw>
<kw name="Scroll_Toi_Btn_Add_New_Delive" library="order_table">
<doc>Scroll tới nút thêm mới giao vận</doc>
<kw name="Scroll Element Into View" library="SeleniumLibrary">
<arg>//a[text()='+ Add new Delivery']</arg>
<doc>Scrolls the element identified by ``locator`` into view.</doc>
<status status="PASS" starttime="20221226 03:46:03.577" endtime="20221226 03:46:03.920"/>
</kw>
<status status="PASS" starttime="20221226 03:46:03.576" endtime="20221226 03:46:03.920"/>
</kw>
<kw name="Check_Thong_Tin_Giao_Van_OPT_2_HLK" library="order_table_verify">
<arg>489</arg>
<arg>1234567890</arg>
<arg>Shale Pizza Ngoc Khanh 107 D3 Ngoc Khanh, Ba Đinh</arg>
<doc>Kiểm tra thông tin (SĐT và userId và địa chỉ cửa hàng khách đến lấy) giao vận khi thanh toán thành công</doc>
<kw name="Check_User_ID_Giao_Van_Khi_Thanh_Toan_Thanh_Cong" library="order_table_verify">
<arg>${userId}</arg>
<doc>Kiểm tra thông tin chủ sở hữu đơn hàng khi thanh toán thành công trong giao diện quản trị</doc>
<kw name="Get Table Cell" library="SeleniumLibrary">
<var>${value}</var>
<arg>//div[@id='content']//div[@class='container-fluid'][2]/div/div[2]//table</arg>
<arg>-2</arg>
<arg>2</arg>
<doc>Returns contents of a table cell.</doc>
<msg timestamp="20221226 03:46:04.113" level="INFO">${value} = 489</msg>
<status status="PASS" starttime="20221226 03:46:03.924" endtime="20221226 03:46:04.113"/>
</kw>
<kw name="Log To Console" library="BuiltIn">
<arg>${value}</arg>
<doc>Logs the given message to the console.</doc>
<status status="PASS" starttime="20221226 03:46:04.113" endtime="20221226 03:46:04.114"/>
</kw>
<kw name="Should Be Equal" library="BuiltIn">
<arg>${value}</arg>
<arg>${expect}</arg>
<doc>Fails if the given objects are unequal.</doc>
<status status="PASS" starttime="20221226 03:46:04.115" endtime="20221226 03:46:04.116"/>
</kw>
<status status="PASS" starttime="20221226 03:46:03.923" endtime="20221226 03:46:04.116"/>
</kw>
<kw name="Check_SDT_Giao_Van_Khi_Thanh_Toan_Thanh_Cong" library="order_table_verify">
<arg>${sdt}</arg>
<doc>Kiểm tra số điện thoại khi thanh toán thành công trong giao diện quản trị</doc>
<kw name="Get Table Cell" library="SeleniumLibrary">
<var>${value}</var>
<arg>//div[@id='content']//div[@class='container-fluid'][2]/div/div[2]//table</arg>
<arg>-2</arg>
<arg>3</arg>
<doc>Returns contents of a table cell.</doc>
<msg timestamp="20221226 03:46:04.228" level="INFO">${value} = 1234567890</msg>
<status status="PASS" starttime="20221226 03:46:04.117" endtime="20221226 03:46:04.228"/>
</kw>
<kw name="Log To Console" library="BuiltIn">
<arg>${value}</arg>
<doc>Logs the given message to the console.</doc>
<status status="PASS" starttime="20221226 03:46:04.228" endtime="20221226 03:46:04.229"/>
</kw>
<kw name="Should Be Equal" library="BuiltIn">
<arg>${value}</arg>
<arg>${expect}</arg>
<doc>Fails if the given objects are unequal.</doc>
<status status="PASS" starttime="20221226 03:46:04.230" endtime="20221226 03:46:04.231"/>
</kw>
<status status="PASS" starttime="20221226 03:46:04.116" endtime="20221226 03:46:04.231"/>
</kw>
<kw name="Check_Dia_Chi_Cua_Hang_Khi_Thanh_Toan_Thanh_Cong" library="order_table_verify">
<arg>${dia_chi}</arg>
<doc>Kiểm tra thông tin cửa hàng khách sẽ đến lấy khi thanh toán thành công trong giao diện quản trị</doc>
<kw name="Get Table Cell" library="SeleniumLibrary">
<var>${value}</var>
<arg>//div[@id='content']//div[@class='container-fluid'][2]/div/div[2]//table</arg>
<arg>-2</arg>
<arg>4</arg>
<doc>Returns contents of a table cell.</doc>
<msg timestamp="20221226 03:46:04.346" level="INFO">${value} = Shale Pizza Ngoc Khanh 107 D3 Ngoc Khanh, Ba Đinh</msg>
<status status="PASS" starttime="20221226 03:46:04.232" endtime="20221226 03:46:04.346"/>
</kw>
<kw name="Log To Console" library="BuiltIn">
<arg>${value}</arg>
<doc>Logs the given message to the console.</doc>
<status status="PASS" starttime="20221226 03:46:04.347" endtime="20221226 03:46:04.348"/>
</kw>
<kw name="Should Be Equal" library="BuiltIn">
<arg>${value}</arg>
<arg>${expect}</arg>
<doc>Fails if the given objects are unequal.</doc>
<status status="PASS" starttime="20221226 03:46:04.348" endtime="20221226 03:46:04.349"/>
</kw>
<status status="PASS" starttime="20221226 03:46:04.231" endtime="20221226 03:46:04.349"/>
</kw>
<status status="PASS" starttime="20221226 03:46:03.922" endtime="20221226 03:46:04.350"/>
</kw>
<kw name="Scroll_Toi_Btn_Add_New_Order_Detail" library="order_table">
<doc>Scroll tới nút thêm mới chi tiết đơn hàng</doc>
<kw name="Scroll Element Into View" library="SeleniumLibrary">
<arg>//a[text()='+ Add new Order Detail']</arg>
<doc>Scrolls the element identified by ``locator`` into view.</doc>
<status status="PASS" starttime="20221226 03:46:04.351" endtime="20221226 03:46:04.668"/>
</kw>
<status status="PASS" starttime="20221226 03:46:04.350" endtime="20221226 03:46:04.669"/>
</kw>
<kw name="Check_San_Pham_Trong_Chi_Tiet_Don_Hang_Khi_Thanh_Toan_Thanh_Cong_HLK" library="order_table_verify">
<arg>SUPER SUPREME</arg>
<arg>3</arg>
<arg>22</arg>
<doc>Kiểm tra thông tin (tên sản phẩm, số lượng và giá sản phẩm) chi tiết đơn hàng khi thanh toán thành công</doc>
<kw name="Check_Ten_San_Pham_Trong_Chi_Tiet_Don_Hang_Khi_Thanh_Toan_Thanh_Cong" library="order_table_verify">
<arg>${ten_san_pham}</arg>
<doc>Kiểm tra tên sản phẩm trong chi tiết đơn hàng khi thanh toán thành công</doc>
<kw name="Get Table Cell" library="SeleniumLibrary">
<var>${value}</var>
<arg>//div[@id='content']//div[@class='container-fluid'][2]/div/div[3]//table</arg>
<arg>-2</arg>
<arg>2</arg>
<doc>Returns contents of a table cell.</doc>
<msg timestamp="20221226 03:46:04.950" level="INFO">${value} = SUPER SUPREME,Double-Garlic &amp; Herb Bread,Keto Berry-Pecan Cheesecake Bars</msg>
<status status="PASS" starttime="20221226 03:46:04.672" endtime="20221226 03:46:04.950"/>
</kw>
<kw name="Log To Console" library="BuiltIn">
<arg>${value}</arg>
<doc>Logs the given message to the console.</doc>
<status status="PASS" starttime="20221226 03:46:04.951" endtime="20221226 03:46:04.952"/>
</kw>
<kw name="Should Contain" library="BuiltIn">
<arg>${value}</arg>
<arg>${expect}</arg>
<doc>Fails if ``container`` does not contain ``item`` one or more times.</doc>
<status status="PASS" starttime="20221226 03:46:04.953" endtime="20221226 03:46:04.953"/>
</kw>
<status status="PASS" starttime="20221226 03:46:04.672" endtime="20221226 03:46:04.954"/>
</kw>
<kw name="Check_So_Luong_San_Pham_Trong_Chi_Tiet_Don_Hang_Khi_Thanh_Toan_Thanh_Cong" library="order_table_verify">
<arg>${so_luong}</arg>
<doc>Kiểm tra số lượng sản phẩm trong chi tiết đơn hàng khi thanh toán thành công</doc>
<kw name="Get Table Cell" library="SeleniumLibrary">
<var>${value}</var>
<arg>//div[@id='content']//div[@class='container-fluid'][2]/div/div[3]//table</arg>
<arg>-2</arg>
<arg>3</arg>
<doc>Returns contents of a table cell.</doc>
<msg timestamp="20221226 03:46:05.173" level="INFO">${value} = 3</msg>
<status status="PASS" starttime="20221226 03:46:04.956" endtime="20221226 03:46:05.174"/>
</kw>
<kw name="Log To Console" library="BuiltIn">
<arg>${value}</arg>
<doc>Logs the given message to the console.</doc>
<status status="PASS" starttime="20221226 03:46:05.174" endtime="20221226 03:46:05.176"/>
</kw>
<kw name="Should Be Equal" library="BuiltIn">
<arg>${value}</arg>
<arg>${expect}</arg>
<doc>Fails if the given objects are unequal.</doc>
<status status="PASS" starttime="20221226 03:46:05.176" endtime="20221226 03:46:05.177"/>
</kw>
<status status="PASS" starttime="20221226 03:46:04.954" endtime="20221226 03:46:05.178"/>
</kw>
<kw name="Check_Gia_San_Pham_Trong_Chi_Tiet_Don_Hang_Khi_Thanh_Toan_Thanh_Cong" library="order_table_verify">
<arg>${gia}</arg>
<doc>Kiểm tra giá sản phẩm trong chi tiết đơn hàng khi thanh toán thành công</doc>
<kw name="Get Table Cell" library="SeleniumLibrary">
<var>${value}</var>
<arg>//div[@id='content']//div[@class='container-fluid'][2]/div/div[3]//table</arg>
<arg>-2</arg>
<arg>4</arg>
<doc>Returns contents of a table cell.</doc>
<msg timestamp="20221226 03:46:05.320" level="INFO">${value} = 22</msg>
<status status="PASS" starttime="20221226 03:46:05.179" endtime="20221226 03:46:05.321"/>
</kw>
<kw name="Log To Console" library="BuiltIn">
<arg>${value}</arg>
<doc>Logs the given message to the console.</doc>
<status status="PASS" starttime="20221226 03:46:05.321" endtime="20221226 03:46:05.322"/>
</kw>
<kw name="Should Be Equal" library="BuiltIn">
<arg>${value}</arg>
<arg>${expect}</arg>
<doc>Fails if the given objects are unequal.</doc>
<status status="PASS" starttime="20221226 03:46:05.322" endtime="20221226 03:46:05.323"/>
</kw>
<status status="PASS" starttime="20221226 03:46:05.178" endtime="20221226 03:46:05.324"/>
</kw>
<status status="PASS" starttime="20221226 03:46:04.670" endtime="20221226 03:46:05.324"/>
</kw>
<kw name="Sleep" library="BuiltIn">
<arg>2s</arg>
<doc>Pauses the test executed for the given time.</doc>
<msg timestamp="20221226 03:46:07.326" level="INFO">Slept 2 seconds</msg>
<status status="PASS" starttime="20221226 03:46:05.325" endtime="20221226 03:46:07.326"/>
</kw>
<kw name="Close Browser" library="SeleniumLibrary">
<doc>Closes the current browser.</doc>
<status status="PASS" starttime="20221226 03:46:07.327" endtime="20221226 03:46:09.827"/>
</kw>
<status status="PASS" starttime="20221226 03:45:22.839" endtime="20221226 03:46:09.828"/>
</test>
<test id="s1-t3" name="TC_34" line="339">
<kw name="Mo_Trang_Web" library="common_LLK">
<arg>http://localhost:81/Shale-PIZZAzzz-master/public/menu</arg>
<kw name="Open Browser" library="SeleniumLibrary">
<arg>${url}</arg>
<arg>${browser}</arg>
<doc>Opens a new browser instance to the optional ``url``.</doc>
<msg timestamp="20221226 03:46:09.835" level="INFO">Opening browser 'chrome' to base url 'http://localhost:81/Shale-PIZZAzzz-master/public/menu'.</msg>
[...]
<kw name="Check_Gia_San_Pham_Trong_Gio_Hang" library="shopping_cart_verify">
<arg>${row}</arg>
<arg>${gia_san_pham}</arg>
<doc>Kiểm tra giá sản phẩm trong giỏ hàng vừa được thêm</doc>
<kw name="Get Text" library="SeleniumLibrary">
<var>${actual}</var>
<arg>//table[contains(@class, 'table-striped')]//tbody//tr[${row}]//td[4]</arg>
<doc>Returns the text value of the element identified by ``locator``.</doc>
<msg timestamp="20221226 03:57:53.897" level="INFO">${actual} = 4 $</msg>
<status status="PASS" starttime="20221226 03:57:53.850" endtime="20221226 03:57:53.897"/>
</kw>
<kw name="Should Contain" library="BuiltIn">
<arg>${actual}</arg>
<arg>${expected}</arg>
<doc>Fails if ``container`` does not contain ``item`` one or more times.</doc>
<status status="PASS" starttime="20221226 03:57:53.897" endtime="20221226 03:57:53.897"/>
</kw>
<status status="PASS" starttime="20221226 03:57:53.849" endtime="20221226 03:57:53.898"/>
</kw>
<status status="PASS" starttime="20221226 03:57:53.730" endtime="20221226 03:57:53.898"/>
</kw>
<kw name="Check_Tong_So_Luong_San_Pham_Trong_Gio_Hang" library="shopping_cart_verify">
<arg>1</arg>
<doc>Kiểm tra tổng số lượng sản phẩm trong giỏ hàng</doc>
<kw name="Get Table Cell" library="SeleniumLibrary">
<var>${actual}</var>
<arg>//table[contains(@class, 'table-striped')]</arg>
<arg>-2</arg>
<arg>6</arg>
<doc>Returns contents of a table cell.</doc>
<msg timestamp="20221226 03:57:54.042" level="INFO">${actual} = 1</msg>
<status status="PASS" starttime="20221226 03:57:53.900" endtime="20221226 03:57:54.042"/>
</kw>
<kw name="Should Be Equal" library="BuiltIn">
<arg>${actual}</arg>
<arg>${expected}</arg>
<doc>Fails if the given objects are unequal.</doc>
<status status="PASS" starttime="20221226 03:57:54.043" endtime="20221226 03:57:54.043"/>
</kw>
<status status="PASS" starttime="20221226 03:57:53.899" endtime="20221226 03:57:54.043"/>
</kw>
<kw name="Check_Tong_So_Gia_Tien_San_Pham_Trong_Gio_Hang" library="shopping_cart_verify">
<arg>4</arg>
<doc>Kiểm tra tổng số giá sản phẩm trong giỏ hàng</doc>
<kw name="Get Table Cell" library="SeleniumLibrary">
<var>${actual}</var>
<arg>//table[contains(@class, 'table-striped')]</arg>
<arg>-1</arg>
<arg>6</arg>
<doc>Returns contents of a table cell.</doc>
<msg timestamp="20221226 03:57:54.150" level="INFO">${actual} = 4</msg>
<status status="PASS" starttime="20221226 03:57:54.045" endtime="20221226 03:57:54.150"/>
</kw>
<kw name="Should Be Equal" library="BuiltIn">
<arg>${actual}</arg>
<arg>${expected}</arg>
<doc>Fails if the given objects are unequal.</doc>
<status status="PASS" starttime="20221226 03:57:54.151" endtime="20221226 03:57:54.152"/>
</kw>
<status status="PASS" starttime="20221226 03:57:54.044" endtime="20221226 03:57:54.152"/>
</kw>
<kw name="Sleep" library="BuiltIn">
<arg>2s</arg>
<doc>Pauses the test executed for the given time.</doc>
<msg timestamp="20221226 03:57:56.155" level="INFO">Slept 2 seconds</msg>
<status status="PASS" starttime="20221226 03:57:54.154" endtime="20221226 03:57:56.155"/>
</kw>
<kw name="CLick_Btn_Checkout" library="cart_LLK">
<doc>Click button checkout (Thanh toán)</doc>
<kw name="Wait Until Element Is Visible" library="SeleniumLibrary">
<arg>//a[text()='Checkout']</arg>
<doc>Waits until the element ``locator`` is visible.</doc>
<status status="PASS" starttime="20221226 03:57:56.157" endtime="20221226 03:57:56.214"/>
</kw>
<kw name="Scroll Element Into View" library="SeleniumLibrary">
<arg>//a[text()='Checkout']</arg>
<doc>Scrolls the element identified by ``locator`` into view.</doc>
<status status="PASS" starttime="20221226 03:57:56.214" endtime="20221226 03:57:56.516"/>
</kw>
<kw name="Click Element" library="SeleniumLibrary">
<arg>//a[text()='Checkout']</arg>
<doc>Click the element identified by ``locator``.</doc>
<msg timestamp="20221226 03:57:56.518" level="INFO">Clicking element '//a[text()='Checkout']'.</msg>
<status status="PASS" starttime="20221226 03:57:56.517" endtime="20221226 03:57:57.609"/>
</kw>
<status status="PASS" starttime="20221226 03:57:56.156" endtime="20221226 03:57:57.611"/>
</kw>
<kw name="Chon_Cach_Nhan_Hang_Opt1" library="cart_LLK">
<doc>Chọn cách mua hàng là giao hàng tận nơi</doc>
<kw name="Wait Until Element Is Visible" library="SeleniumLibrary">
<arg>//input[@value='option1']</arg>
<doc>Waits until the element ``locator`` is visible.</doc>
<status status="PASS" starttime="20221226 03:57:57.615" endtime="20221226 03:57:57.756"/>
</kw>
<kw name="Click Element" library="SeleniumLibrary">
<arg>//input[@value='option1']</arg>
<doc>Click the element identified by ``locator``.</doc>
<msg timestamp="20221226 03:57:57.758" level="INFO">Clicking element '//input[@value='option1']'.</msg>
<status status="PASS" starttime="20221226 03:57:57.756" endtime="20221226 03:57:57.874"/>
</kw>
<status status="PASS" starttime="20221226 03:57:57.614" endtime="20221226 03:57:57.875"/>
</kw>
<kw name="Click_Btn_Xac_Nhan_Thanh_Toan_Opt1" library="cart_LLK">
<doc>CLick button xác nhận thanh toán cho cách Giao hàng tận nơi</doc>
<kw name="Wait Until Element Is Visible" library="SeleniumLibrary">
<arg>//div[@id='collapseOne']//button[text()='THANH TOÁN']</arg>
<doc>Waits until the element ``locator`` is visible.</doc>
<status status="PASS" starttime="20221226 03:57:57.878" endtime="20221226 03:57:58.187"/>
</kw>
<kw name="Click Element" library="SeleniumLibrary">
<arg>//div[@id='collapseOne']//button[text()='THANH TOÁN']</arg>
<doc>Click the element identified by ``locator``.</doc>
<msg timestamp="20221226 03:57:58.189" level="INFO">Clicking element '//div[@id='collapseOne']//button[text()='THANH TOÁN']'.</msg>
<status status="PASS" starttime="20221226 03:57:58.187" endtime="20221226 03:57:58.314"/>
</kw>
<status status="PASS" starttime="20221226 03:57:57.876" endtime="20221226 03:57:58.314"/>
</kw>
<kw name="Form_Thong_Tin_Thanh_Toan_Khong_Du_Thong_Tin" library="shopping_cart_verify">
<doc>Kiểm tra thanh toán không thành công với trường hợp điền thông tin thanh toán không thành công</doc>
<kw name="Element Should Be Visible" library="SeleniumLibrary">
<arg>//input[@value='option1']</arg>
<doc>Verifies that the element identified by ``locator`` is visible.</doc>
<msg timestamp="20221226 03:57:58.373" level="INFO">Element '//input[@value='option1']' is displayed.</msg>
<status status="PASS" starttime="20221226 03:57:58.317" endtime="20221226 03:57:58.373"/>
</kw>
<status status="PASS" starttime="20221226 03:57:58.315" endtime="20221226 03:57:58.373"/>
</kw>
<kw name="Sleep" library="BuiltIn">
<arg>2s</arg>
<doc>Pauses the test executed for the given time.</doc>
<msg timestamp="20221226 03:58:00.375" level="INFO">Slept 2 seconds</msg>
<status status="PASS" starttime="20221226 03:57:58.375" endtime="20221226 03:58:00.375"/>
</kw>
<kw name="Close Browser" library="SeleniumLibrary">
<doc>Closes the current browser.</doc>
<status status="PASS" starttime="20221226 03:58:00.377" endtime="20221226 03:58:04.413"/>
</kw>
<status status="PASS" starttime="20221226 03:57:43.796" endtime="20221226 03:58:04.414"/>
</test>
<status status="FAIL" starttime="20221226 03:44:54.998" endtime="20221226 03:58:04.419"/>
</suite>
<statistics>
<total>
<stat pass="18" fail="3" skip="0">All Tests</stat>
</total>
<tag>
</tag>
<suite>
<stat pass="18" fail="3" skip="0" id="s1" name="Shopping Cart">Shopping Cart</stat>
</suite>
</statistics>
<errors>
<msg timestamp="20221226 03:45:05.130" level="WARN">Keyword 'Get Element Attribute' found both from a custom library 'SeleniumLibrary' and a standard library 'XML'. The custom keyword is used. To select explicitly, and to get rid of this warning, use either 'SeleniumLibrary.Get Element Attribute' or 'XML.Get Element Attribute'.</msg>
<msg timestamp="20221226 03:45:11.480" level="WARN">Keyword 'Get Element Attribute' found both from a custom library 'SeleniumLibrary' and a standard library 'XML'. The custom keyword is used. To select explicitly, and to get rid of this warning, use either 'SeleniumLibrary.Get Element Attribute' or 'XML.Get Element Attribute'.</msg>
<msg timestamp="20221226 03:45:17.947" level="WARN">Keyword 'Get Element Attribute' found both from a custom library 'SeleniumLibrary' and a standard library 'XML'. The custom keyword is used. To select explicitly, and to get rid of this warning, use either 'SeleniumLibrary.Get Element Attribute' or 'XML.Get Element Attribute'.</msg>
<msg timestamp="20221226 03:45:31.815" level="WARN">Keyword 'Get Element Attribute' found both from a custom library 'SeleniumLibrary' and a standard library 'XML'. The custom keyword is used. To select explicitly, and to get rid of this warning, use either 'SeleniumLibrary.Get Element Attribute' or 'XML.Get Element Attribute'.</msg>
<msg timestamp="20221226 03:45:38.132" level="WARN">Keyword 'Get Element Attribute' found both from a custom library 'SeleniumLibrary' and a standard library 'XML'. The custom keyword is used. To select explicitly, and to get rid of this warning, use either 'SeleniumLibrary.Get Element Attribute' or 'XML.Get Element Attribute'.</msg>
<msg timestamp="20221226 03:45:44.734" level="WARN">Keyword 'Get Element Attribute' found both from a custom library 'SeleniumLibrary' and a standard library 'XML'. The custom keyword is used. To select explicitly, and to get rid of this warning, use either 'SeleniumLibrary.Get Element Attribute' or 'XML.Get Element Attribute'.</msg>
<msg timestamp="20221226 03:46:21.998" level="WARN">Keyword 'Get Element Attribute' found both from a custom library 'SeleniumLibrary' and a standard library 'XML'. The custom keyword is used. To select explicitly, and to get rid of this warning, use either 'SeleniumLibrary.Get Element Attribute' or 'XML.Get Element Attribute'.</msg>
<msg timestamp="20221226 03:46:58.899" level="WARN">Keyword 'Get Element Attribute' found both from a custom library 'SeleniumLibrary' and a standard library 'XML'. The custom keyword is used. To select explicitly, and to get rid of this warning, use either 'SeleniumLibrary.Get Element Attribute' or 'XML.Get Element Attribute'.</msg>
<msg timestamp="20221226 03:47:36.680" level="WARN">Keyword 'Get Element Attribute' found both from a custom library 'SeleniumLibrary' and a standard library 'XML'. The custom keyword is used. To select explicitly, and to get rid of this warning, use either 'SeleniumLibrary.Get Element Attribute' or 'XML.Get Element Attribute'.</msg>
<msg timestamp="20221226 03:48:14.857" level="WARN">Keyword 'Get Element Attribute' found both from a custom library 'SeleniumLibrary' and a standard library 'XML'. The custom keyword is used. To select explicitly, and to get rid of this warning, use either 'SeleniumLibrary.Get Element Attribute' or 'XML.Get Element Attribute'.</msg>
<msg timestamp="20221226 03:48:53.253" level="WARN">Keyword 'Get Element Attribute' found both from a custom library 'SeleniumLibrary' and a standard library 'XML'. The custom keyword is used. To select explicitly, and to get rid of this warning, use either 'SeleniumLibrary.Get Element Attribute' or 'XML.Get Element Attribute'.</msg>
<msg timestamp="20221226 03:49:31.649" level="WARN">Keyword 'Get Element Attribute' found both from a custom library 'SeleniumLibrary' and a standard library 'XML'. The custom keyword is used. To select explicitly, and to get rid of this warning, use either 'SeleniumLibrary.Get Element Attribute' or 'XML.Get Element Attribute'.</msg>
<msg timestamp="20221226 03:50:05.204" level="WARN">Keyword 'Get Element Attribute' found both from a custom library 'SeleniumLibrary' and a standard library 'XML'. The custom keyword is used. To select explicitly, and to get rid of this warning, use either 'SeleniumLibrary.Get Element Attribute' or 'XML.Get Element Attribute'.</msg>
<msg timestamp="20221226 03:50:42.413" level="WARN">Keyword 'Get Element Attribute' found both from a custom library 'SeleniumLibrary' and a standard library 'XML'. The custom keyword is used. To select explicitly, and to get rid of this warning, use either 'SeleniumLibrary.Get Element Attribute' or 'XML.Get Element Attribute'.</msg>
<msg timestamp="20221226 03:51:19.258" level="WARN">Keyword 'Get Element Attribute' found both from a custom library 'SeleniumLibrary' and a standard library 'XML'. The custom keyword is used. To select explicitly, and to get rid of this warning, use either 'SeleniumLibrary.Get Element Attribute' or 'XML.Get Element Attribute'.</msg>
<msg timestamp="20221226 03:52:35.473" level="WARN">Keyword 'Get Element Attribute' found both from a custom library 'SeleniumLibrary' and a standard library 'XML'. The custom keyword is used. To select explicitly, and to get rid of this warning, use either 'SeleniumLibrary.Get Element Attribute' or 'XML.Get Element Attribute'.</msg>
<msg timestamp="20221226 03:52:42.004" level="WARN">Keyword 'Get Element Attribute' found both from a custom library 'SeleniumLibrary' and a standard library 'XML'. The custom keyword is used. To select explicitly, and to get rid of this warning, use either 'SeleniumLibrary.Get Element Attribute' or 'XML.Get Element Attribute'.</msg>
<msg timestamp="20221226 03:52:48.998" level="WARN">Keyword 'Get Element Attribute' found both from a custom library 'SeleniumLibrary' and a standard library 'XML'. The custom keyword is used. To select explicitly, and to get rid of this warning, use either 'SeleniumLibrary.Get Element Attribute' or 'XML.Get Element Attribute'.</msg>
<msg timestamp="20221226 03:53:07.545" level="WARN">Keyword 'Get Element Attribute' found both from a custom library 'SeleniumLibrary' and a standard library 'XML'. The custom keyword is used. To select explicitly, and to get rid of this warning, use either 'SeleniumLibrary.Get Element Attribute' or 'XML.Get Element Attribute'.</msg>
<msg timestamp="20221226 03:53:14.731" level="WARN">Keyword 'Get Element Attribute' found both from a custom library 'SeleniumLibrary' and a standard library 'XML'. The custom keyword is used. To select explicitly, and to get rid of this warning, use either 'SeleniumLibrary.Get Element Attribute' or 'XML.Get Element Attribute'.</msg>
<msg timestamp="20221226 03:53:22.091" level="WARN">Keyword 'Get Element Attribute' found both from a custom library 'SeleniumLibrary' and a standard library 'XML'. The custom keyword is used. To select explicitly, and to get rid of this warning, use either 'SeleniumLibrary.Get Element Attribute' or 'XML.Get Element Attribute'.</msg>
<msg timestamp="20221226 03:53:51.229" level="WARN">Keyword 'Get Element Attribute' found both from a custom library 'SeleniumLibrary' and a standard library 'XML'. The custom keyword is used. To select explicitly, and to get rid of this warning, use either 'SeleniumLibrary.Get Element Attribute' or 'XML.Get Element Attribute'.</msg>
<msg timestamp="20221226 03:53:58.365" level="WARN">Keyword 'Get Element Attribute' found both from a custom library 'SeleniumLibrary' and a standard library 'XML'. The custom keyword is used. To select explicitly, and to get rid of this warning, use either 'SeleniumLibrary.Get Element Attribute' or 'XML.Get Element Attribute'.</msg>
<msg timestamp="20221226 03:54:04.988" level="WARN">Keyword 'Get Element Attribute' found both from a custom library 'SeleniumLibrary' and a standard library 'XML'. The custom keyword is used. To select explicitly, and to get rid of this warning, use either 'SeleniumLibrary.Get Element Attribute' or 'XML.Get Element Attribute'.</msg>
<msg timestamp="20221226 03:54:36.796" level="WARN">Keyword 'Get Element Attribute' found both from a custom library 'SeleniumLibrary' and a standard library 'XML'. The custom keyword is used. To select explicitly, and to get rid of this warning, use either 'SeleniumLibrary.Get Element Attribute' or 'XML.Get Element Attribute'.</msg>
<msg timestamp="20221226 03:54:44.259" level="WARN">Keyword 'Get Element Attribute' found both from a custom library 'SeleniumLibrary' and a standard library 'XML'. The custom keyword is used. To select explicitly, and to get rid of this warning, use either 'SeleniumLibrary.Get Element Attribute' or 'XML.Get Element Attribute'.</msg>
<msg timestamp="20221226 03:54:50.809" level="WARN">Keyword 'Get Element Attribute' found both from a custom library 'SeleniumLibrary' and a standard library 'XML'. The custom keyword is used. To select explicitly, and to get rid of this warning, use either 'SeleniumLibrary.Get Element Attribute' or 'XML.Get Element Attribute'.</msg>
<msg timestamp="20221226 03:55:32.933" level="WARN">Keyword 'Get Element Attribute' found both from a custom library 'SeleniumLibrary' and a standard library 'XML'. The custom keyword is used. To select explicitly, and to get rid of this warning, use either 'SeleniumLibrary.Get Element Attribute' or 'XML.Get Element Attribute'.</msg>
<msg timestamp="20221226 03:55:40.980" level="WARN">Keyword 'Get Element Attribute' found both from a custom library 'SeleniumLibrary' and a standard library 'XML'. The custom keyword is used. To select explicitly, and to get rid of this warning, use either 'SeleniumLibrary.Get Element Attribute' or 'XML.Get Element Attribute'.</msg>
<msg timestamp="20221226 03:55:48.056" level="WARN">Keyword 'Get Element Attribute' found both from a custom library 'SeleniumLibrary' and a standard library 'XML'. The custom keyword is used. To select explicitly, and to get rid of this warning, use either 'SeleniumLibrary.Get Element Attribute' or 'XML.Get Element Attribute'.</msg>
<msg timestamp="20221226 03:56:34.580" level="WARN">Keyword 'Get Element Attribute' found both from a custom library 'SeleniumLibrary' and a standard library 'XML'. The custom keyword is used. To select explicitly, and to get rid of this warning, use either 'SeleniumLibrary.Get Element Attribute' or 'XML.Get Element Attribute'.</msg>
<msg timestamp="20221226 03:56:41.127" level="WARN">Keyword 'Get Element Attribute' found both from a custom library 'SeleniumLibrary' and a standard library 'XML'. The custom keyword is used. To select explicitly, and to get rid of this warning, use either 'SeleniumLibrary.Get Element Attribute' or 'XML.Get Element Attribute'.</msg>
<msg timestamp="20221226 03:56:47.740" level="WARN">Keyword 'Get Element Attribute' found both from a custom library 'SeleniumLibrary' and a standard library 'XML'. The custom keyword is used. To select explicitly, and to get rid of this warning, use either 'SeleniumLibrary.Get Element Attribute' or 'XML.Get Element Attribute'.</msg>
<msg timestamp="20221226 03:57:05.182" level="WARN">Keyword 'Get Element Attribute' found both from a custom library 'SeleniumLibrary' and a standard library 'XML'. The custom keyword is used. To select explicitly, and to get rid of this warning, use either 'SeleniumLibrary.Get Element Attribute' or 'XML.Get Element Attribute'.</msg>
<msg timestamp="20221226 03:57:11.577" level="WARN">Keyword 'Get Element Attribute' found both from a custom library 'SeleniumLibrary' and a standard library 'XML'. The custom keyword is used. To select explicitly, and to get rid of this warning, use either 'SeleniumLibrary.Get Element Attribute' or 'XML.Get Element Attribute'.</msg>
<msg timestamp="20221226 03:57:18.038" level="WARN">Keyword 'Get Element Attribute' found both from a custom library 'SeleniumLibrary' and a standard library 'XML'. The custom keyword is used. To select explicitly, and to get rid of this warning, use either 'SeleniumLibrary.Get Element Attribute' or 'XML.Get Element Attribute'.</msg>
<msg timestamp="20221226 03:57:53.790" level="WARN">Keyword 'Get Element Attribute' found both from a custom library 'SeleniumLibrary' and a standard library 'XML'. The custom keyword is used. To select explicitly, and to get rid of this warning, use either 'SeleniumLibrary.Get Element Attribute' or 'XML.Get Element Attribute'.</msg>
</errors>
</robot>
