<?xml version="1.0" encoding="UTF-8"?>
<robot generator="Robot 6.0.1 (Python 3.11.0 on win32)" generated="20221126 23:39:14.645" rpa="false" schemaversion="3">
<suite id="s1" name="Order Table" source="C:\Users\ADMIN\Desktop\Automation-Test-DATN\SalesPizza\TestCases\admin\order_table.robot">
<test id="s1-t1" name="TC_28" line="10">
<kw name="Mo_Trang_Web" library="common_LLK">
<arg>${url}</arg>
<kw name="Open Browser" library="SeleniumLibrary">
<arg>${url}</arg>
<arg>${browser}</arg>
<doc>Opens a new browser instance to the optional ``url``.</doc>
<msg timestamp="20221126 23:39:15.337" level="INFO">Opening browser 'chrome' to base url 'http://localhost:81/Shale-PIZZAzzz-master/public/backend/order-table'.</msg>
<status status="PASS" starttime="20221126 23:39:15.334" endtime="20221126 23:39:19.503"/>
</kw>
<kw name="Max_Size_Browser" library="common_LLK">
<kw name="Maximize Browser Window" library="SeleniumLibrary">
<doc>Maximizes current browser window.</doc>
<status status="PASS" starttime="20221126 23:39:19.504" endtime="20221126 23:39:19.658"/>
</kw>
<status status="PASS" starttime="20221126 23:39:19.503" endtime="20221126 23:39:19.658"/>
</kw>
<status status="PASS" starttime="20221126 23:39:15.332" endtime="20221126 23:39:19.659"/>
</kw>
<kw name="Them_Moi_Don_Hang" library="order_table_HLK">
<arg>11252022</arg>
<arg>0700AM</arg>
<arg>486</arg>
<arg>246</arg>
<arg>complete</arg>
<kw name="CLick_Them_Moi_Don_Hang" library="order_table">
<doc>Click thêm mới đơn hàng</doc>
<kw name="Scroll Element Into View" library="SeleniumLibrary">
<arg>//a[text()='+ Add new Order']</arg>
<doc>Scrolls the element identified by ``locator`` into view.</doc>
<status status="PASS" starttime="20221126 23:39:19.664" endtime="20221126 23:39:19.999"/>
</kw>
<kw name="Click Element" library="SeleniumLibrary">
<arg>//a[text()='+ Add new Order']</arg>
<doc>Click the element identified by ``locator``.</doc>
<msg timestamp="20221126 23:39:20.002" level="INFO">Clicking element '//a[text()='+ Add new Order']'.</msg>
<status status="PASS" starttime="20221126 23:39:20.000" endtime="20221126 23:39:20.648"/>
</kw>
<status status="PASS" starttime="20221126 23:39:19.663" endtime="20221126 23:39:20.648"/>
</kw>
<kw name="Input_Ngay_Tao_Don_Hang" library="order_table">
<arg>${date}</arg>
<doc>Input Ngày tạo đơn hàng</doc>
<kw name="Input Text" library="SeleniumLibrary">
<arg>//input[@name='txtDate']</arg>
<arg>${date}</arg>
<doc>Types the given ``text`` into the text field identified by ``locator``.</doc>
<msg timestamp="20221126 23:39:20.652" level="INFO">Typing text '11252022' into text field '//input[@name='txtDate']'.</msg>
<status status="PASS" starttime="20221126 23:39:20.650" endtime="20221126 23:39:20.880"/>
</kw>
<status status="PASS" starttime="20221126 23:39:20.649" endtime="20221126 23:39:20.881"/>
</kw>
<kw name="Press Keys" library="SeleniumLibrary">
<arg>//input[@name='txtDate']</arg>
<arg>TAB</arg>
<doc>Simulates the user pressing key(s) to an element or on the active browser.</doc>
<msg timestamp="20221126 23:39:20.883" level="INFO">Sending key(s) ('TAB',) to //input[@name='txtDate'] element.</msg>
<msg timestamp="20221126 23:39:21.198" level="INFO">Pressing special key TAB to element.</msg>
<msg timestamp="20221126 23:39:21.198" level="INFO">Releasing special key TAB.</msg>
<status status="PASS" starttime="20221126 23:39:20.881" endtime="20221126 23:39:21.212"/>
</kw>
<kw name="Input_Thoi_Gian_Don_Hang" library="order_table">
<arg>${time}</arg>
<doc>Input Giờ Phút AM hoặc PM khi tạo đơn hàng</doc>
<kw name="Input Text" library="SeleniumLibrary">
<arg>//input[@name='txtDate']</arg>
<arg>${time}</arg>
<doc>Types the given ``text`` into the text field identified by ``locator``.</doc>
<msg timestamp="20221126 23:39:21.215" level="INFO">Typing text '0700AM' into text field '//input[@name='txtDate']'.</msg>
<status status="PASS" starttime="20221126 23:39:21.213" endtime="20221126 23:39:21.333"/>
</kw>
<status status="PASS" starttime="20221126 23:39:21.212" endtime="20221126 23:39:21.334"/>
</kw>
<kw name="Input_User_ID_Don_Hang" library="order_table">
<arg>${userId}</arg>
<kw name="Input Text" library="SeleniumLibrary">
<arg>//input[@name='txtUserId']</arg>
<arg>${userId}</arg>
<doc>Types the given ``text`` into the text field identified by ``locator``.</doc>
<msg timestamp="20221126 23:39:21.336" level="INFO">Typing text '486' into text field '//input[@name='txtUserId']'.</msg>
<status status="PASS" starttime="20221126 23:39:21.334" endtime="20221126 23:39:21.504"/>
</kw>
<status status="PASS" starttime="20221126 23:39:21.334" endtime="20221126 23:39:21.505"/>
</kw>
<kw name="Input_User_Detail_Id_Don_Hang" library="order_table">
<arg>${userDetailId}</arg>
<doc>Input ID User Id Detail của đơn hàng</doc>
<kw name="Input Text" library="SeleniumLibrary">
<arg>//input[@name='txtUserDetailId']</arg>
<arg>${id}</arg>
<doc>Types the given ``text`` into the text field identified by ``locator``.</doc>
<msg timestamp="20221126 23:39:21.507" level="INFO">Typing text '246' into text field '//input[@name='txtUserDetailId']'.</msg>
<status status="PASS" starttime="20221126 23:39:21.506" endtime="20221126 23:39:21.688"/>
</kw>
<status status="PASS" starttime="20221126 23:39:21.505" endtime="20221126 23:39:21.688"/>
</kw>
<kw name="Input_Trang_Thai_Don_Hang" library="order_table">
<arg>${status}</arg>
<doc>Input Trạng thái đơn hàng</doc>
<kw name="Input Text" library="SeleniumLibrary">
<arg>//input[@name='txtStatus']</arg>
<arg>${status}</arg>
<doc>Types the given ``text`` into the text field identified by ``locator``.</doc>
<msg timestamp="20221126 23:39:21.690" level="INFO">Typing text 'complete' into text field '//input[@name='txtStatus']'.</msg>
<status status="PASS" starttime="20221126 23:39:21.689" endtime="20221126 23:39:21.884"/>
</kw>
<status status="PASS" starttime="20221126 23:39:21.688" endtime="20221126 23:39:21.885"/>
</kw>
<kw name="Xac_Nhan_Them_Don_Hang" library="order_table">
<doc>Xác nhận thêm đơn hàng</doc>
<kw name="Click Element" library="SeleniumLibrary">
<arg>//input[@value='Add New Order']</arg>
<doc>Click the element identified by ``locator``.</doc>
<msg timestamp="20221126 23:39:21.887" level="INFO">Clicking element '//input[@value='Add New Order']'.</msg>
<status status="PASS" starttime="20221126 23:39:21.886" endtime="20221126 23:39:23.396"/>
</kw>
<status status="PASS" starttime="20221126 23:39:21.885" endtime="20221126 23:39:23.396"/>
</kw>
<kw name="Sleep" library="BuiltIn">
<arg>1s</arg>
<doc>Pauses the test executed for the given time.</doc>
<msg timestamp="20221126 23:39:24.398" level="INFO">Slept 1 second</msg>
<status status="PASS" starttime="20221126 23:39:23.397" endtime="20221126 23:39:24.398"/>
</kw>
<kw name="Click_Order_Table" library="trang_chu">
<kw name="Wait Until Element Is Visible" library="SeleniumLibrary">
<arg>//a[contains(@href, 'order-table')]</arg>
<arg>timeout=10s</arg>
<doc>Waits until the element ``locator`` is visible.</doc>
<status status="PASS" starttime="20221126 23:39:24.398" endtime="20221126 23:39:24.445"/>
</kw>
<kw name="Click Element" library="SeleniumLibrary">
<arg>//a[contains(@href, 'order-table')]</arg>
<doc>Click the element identified by ``locator``.</doc>
<msg timestamp="20221126 23:39:24.445" level="INFO">Clicking element '//a[contains(@href, 'order-table')]'.</msg>
<status status="PASS" starttime="20221126 23:39:24.445" endtime="20221126 23:39:25.839"/>
</kw>
<status status="PASS" starttime="20221126 23:39:24.398" endtime="20221126 23:39:25.839"/>
</kw>
<kw name="Scroll Element Into View" library="SeleniumLibrary">
<arg>//a[text()='+ Add new Order']</arg>
<doc>Scrolls the element identified by ``locator`` into view.</doc>
<status status="PASS" starttime="20221126 23:39:25.840" endtime="20221126 23:39:26.191"/>
</kw>
<status status="PASS" starttime="20221126 23:39:19.661" endtime="20221126 23:39:26.191"/>
</kw>
<kw name="Sleep" library="BuiltIn">
<arg>5s</arg>
<doc>Pauses the test executed for the given time.</doc>
<msg timestamp="20221126 23:39:31.198" level="INFO">Slept 5 seconds</msg>
<status status="PASS" starttime="20221126 23:39:26.197" endtime="20221126 23:39:31.198"/>
</kw>
<kw name="Close Browser" library="SeleniumLibrary">
<doc>Closes the current browser.</doc>
<status status="PASS" starttime="20221126 23:39:31.198" endtime="20221126 23:39:35.867"/>
</kw>
<status status="PASS" starttime="20221126 23:39:15.329" endtime="20221126 23:39:35.867"/>
</test>
<test id="s1-t2" name="TC_29" line="16">
<kw name="Mo_Trang_Web" library="common_LLK">
<arg>${url}</arg>
<kw name="Open Browser" library="SeleniumLibrary">
<arg>${url}</arg>
<arg>${browser}</arg>
<doc>Opens a new browser instance to the optional ``url``.</doc>
<msg timestamp="20221126 23:39:35.875" level="INFO">Opening browser 'chrome' to base url 'http://localhost:81/Shale-PIZZAzzz-master/public/backend/order-table'.</msg>
<status status="PASS" starttime="20221126 23:39:35.873" endtime="20221126 23:39:39.867"/>
</kw>
<kw name="Max_Size_Browser" library="common_LLK">
<kw name="Maximize Browser Window" library="SeleniumLibrary">
<doc>Maximizes current browser window.</doc>
<status status="PASS" starttime="20221126 23:39:39.869" endtime="20221126 23:39:40.023"/>
</kw>
<status status="PASS" starttime="20221126 23:39:39.868" endtime="20221126 23:39:40.024"/>
</kw>
<status status="PASS" starttime="20221126 23:39:35.872" endtime="20221126 23:39:40.024"/>
</kw>
<kw name="Sua_Don_Hang" library="order_table_HLK">
<arg>2</arg>
<arg>pendding</arg>
<kw name="Click_Sua_Don_Hang" library="order_table">
<arg>${locator}</arg>
<doc>Click sửa đơn hàng</doc>
<kw name="Click Element" library="SeleniumLibrary">
<arg>//div[@id='content']//div[@class='container-fluid'][2]/div/div[1]//tr[${locator}]//a[text()='Edit']</arg>
<doc>Click the element identified by ``locator``.</doc>
<msg timestamp="20221126 23:39:40.028" level="INFO">Clicking element '//div[@id='content']//div[@class='container-fluid'][2]/div/div[1]//tr[2]//a[text()='Edit']'.</msg>
<status status="PASS" starttime="20221126 23:39:40.027" endtime="20221126 23:39:40.669"/>
</kw>
<status status="PASS" starttime="20221126 23:39:40.026" endtime="20221126 23:39:40.669"/>
</kw>
<kw name="Input_Trang_Thai_Don_Hang_Khi_Sua" library="order_table">
<arg>${trang_thai}</arg>
<doc>Input trạng thái đơn thái khi sửa đơn hàng</doc>
<kw name="Input Text" library="SeleniumLibrary">
<arg>//input[@name='txtStatus']</arg>
<arg>${trang_thai}</arg>
<doc>Types the given ``text`` into the text field identified by ``locator``.</doc>
<msg timestamp="20221126 23:39:40.671" level="INFO">Typing text 'pendding' into text field '//input[@name='txtStatus']'.</msg>
<status status="PASS" starttime="20221126 23:39:40.671" endtime="20221126 23:39:40.917"/>
</kw>
<status status="PASS" starttime="20221126 23:39:40.670" endtime="20221126 23:39:40.918"/>
</kw>
<kw name="Xac_Nhan_Sua_Don_Hang" library="order_table">
<doc>Click button xác nhận sửa đơn hàng</doc>
<kw name="Click Element" library="SeleniumLibrary">
<arg>//input[@value='Edit Order']</arg>
<doc>Click the element identified by ``locator``.</doc>
<msg timestamp="20221126 23:39:40.920" level="INFO">Clicking element '//input[@value='Edit Order']'.</msg>
<status status="PASS" starttime="20221126 23:39:40.919" endtime="20221126 23:39:42.369"/>
</kw>
<status status="PASS" starttime="20221126 23:39:40.918" endtime="20221126 23:39:42.370"/>
</kw>
<kw name="Click_Order_Table" library="trang_chu">
<kw name="Wait Until Element Is Visible" library="SeleniumLibrary">
<arg>//a[contains(@href, 'order-table')]</arg>
<arg>timeout=10s</arg>
<doc>Waits until the element ``locator`` is visible.</doc>
<status status="PASS" starttime="20221126 23:39:42.371" endtime="20221126 23:39:42.425"/>
</kw>
<kw name="Click Element" library="SeleniumLibrary">
<arg>//a[contains(@href, 'order-table')]</arg>
<doc>Click the element identified by ``locator``.</doc>
<msg timestamp="20221126 23:39:42.426" level="INFO">Clicking element '//a[contains(@href, 'order-table')]'.</msg>
<status status="PASS" starttime="20221126 23:39:42.425" endtime="20221126 23:39:43.075"/>
</kw>
<status status="PASS" starttime="20221126 23:39:42.370" endtime="20221126 23:39:43.075"/>
</kw>
<kw name="Sleep" library="BuiltIn">
<arg>1s</arg>
<doc>Pauses the test executed for the given time.</doc>
<msg timestamp="20221126 23:39:44.077" level="INFO">Slept 1 second</msg>
<status status="PASS" starttime="20221126 23:39:43.076" endtime="20221126 23:39:44.077"/>
</kw>
<kw name="Xem_Don_Hang_Vua_Sua" library="order_table">
<arg>${locator}</arg>
<doc>Sau khi sửa xong đơn hàng, quay lại check thông tin vừa sửa</doc>
<kw name="Scroll Element Into View" library="SeleniumLibrary">
<arg>//div[@id='content']//div[@class='container-fluid'][2]/div/div[1]//tr[${locator}]//a[text()='Edit']</arg>
<doc>Scrolls the element identified by ``locator`` into view.</doc>
<status status="PASS" starttime="20221126 23:39:44.077" endtime="20221126 23:39:44.376"/>
</kw>
<status status="PASS" starttime="20221126 23:39:44.077" endtime="20221126 23:39:44.377"/>
</kw>
<kw name="Sleep" library="BuiltIn">
<arg>2s</arg>
<doc>Pauses the test executed for the given time.</doc>
<msg timestamp="20221126 23:39:46.378" level="INFO">Slept 2 seconds</msg>
<status status="PASS" starttime="20221126 23:39:44.377" endtime="20221126 23:39:46.378"/>
</kw>
<status status="PASS" starttime="20221126 23:39:40.025" endtime="20221126 23:39:46.378"/>
</kw>
<kw name="Sleep" library="BuiltIn">
<arg>1s</arg>
<doc>Pauses the test executed for the given time.</doc>
<msg timestamp="20221126 23:39:47.378" level="INFO">Slept 1 second</msg>
<status status="PASS" starttime="20221126 23:39:46.378" endtime="20221126 23:39:47.378"/>
</kw>
<kw name="Close Browser" library="SeleniumLibrary">
<doc>Closes the current browser.</doc>
<status status="PASS" starttime="20221126 23:39:47.378" endtime="20221126 23:39:49.881"/>
</kw>
<status status="PASS" starttime="20221126 23:39:35.870" endtime="20221126 23:39:49.881"/>
</test>
<test id="s1-t3" name="TC_30" line="22">
<kw name="Mo_Trang_Web" library="common_LLK">
<arg>${url}</arg>
<kw name="Open Browser" library="SeleniumLibrary">
<arg>${url}</arg>
<arg>${browser}</arg>
<doc>Opens a new browser instance to the optional ``url``.</doc>
<msg timestamp="20221126 23:39:49.890" level="INFO">Opening browser 'chrome' to base url 'http://localhost:81/Shale-PIZZAzzz-master/public/backend/order-table'.</msg>
<status status="PASS" starttime="20221126 23:39:49.888" endtime="20221126 23:39:53.872"/>
</kw>
<kw name="Max_Size_Browser" library="common_LLK">
<kw name="Maximize Browser Window" library="SeleniumLibrary">
<doc>Maximizes current browser window.</doc>
<status status="PASS" starttime="20221126 23:39:53.874" endtime="20221126 23:39:54.034"/>
</kw>
<status status="PASS" starttime="20221126 23:39:53.873" endtime="20221126 23:39:54.035"/>
</kw>
<status status="PASS" starttime="20221126 23:39:49.887" endtime="20221126 23:39:54.035"/>
</kw>
<kw name="Xoa_Don_Hang" library="order_table_HLK">
<arg>11</arg>
<kw name="Xoa_Don_Hang_LLK" library="order_table">
<arg>${locator}</arg>
<doc>Xóa đơn hàng</doc>
<kw name="Click Element" library="SeleniumLibrary">
<arg>//div[@id='content']//div[@class='container-fluid'][2]/div/div[1]//tr[${locator}]//a[text()='Del']</arg>
<doc>Click the element identified by ``locator``.</doc>
<msg timestamp="20221126 23:39:54.040" level="INFO">Clicking element '//div[@id='content']//div[@class='container-fluid'][2]/div/div[1]//tr[11]//a[text()='Del']'.</msg>
<status status="PASS" starttime="20221126 23:39:54.038" endtime="20221126 23:39:55.182"/>
</kw>
<status status="PASS" starttime="20221126 23:39:54.037" endtime="20221126 23:39:55.182"/>
</kw>
<kw name="Click_Order_Table" library="trang_chu">
<kw name="Wait Until Element Is Visible" library="SeleniumLibrary">
<arg>//a[contains(@href, 'order-table')]</arg>
<arg>timeout=10s</arg>
<doc>Waits until the element ``locator`` is visible.</doc>
<status status="PASS" starttime="20221126 23:39:55.183" endtime="20221126 23:39:55.254"/>
</kw>
<kw name="Click Element" library="SeleniumLibrary">
<arg>//a[contains(@href, 'order-table')]</arg>
<doc>Click the element identified by ``locator``.</doc>
<msg timestamp="20221126 23:39:55.257" level="INFO">Clicking element '//a[contains(@href, 'order-table')]'.</msg>
<status status="PASS" starttime="20221126 23:39:55.256" endtime="20221126 23:39:55.838"/>
</kw>
<status status="PASS" starttime="20221126 23:39:55.182" endtime="20221126 23:39:55.839"/>
</kw>
<kw name="Sleep" library="BuiltIn">
<arg>1s</arg>
<doc>Pauses the test executed for the given time.</doc>
<msg timestamp="20221126 23:39:56.840" level="INFO">Slept 1 second</msg>
<status status="PASS" starttime="20221126 23:39:55.839" endtime="20221126 23:39:56.840"/>
</kw>
<status status="PASS" starttime="20221126 23:39:54.036" endtime="20221126 23:39:56.840"/>
</kw>
<kw name="Sleep" library="BuiltIn">
<arg>1s</arg>
<doc>Pauses the test executed for the given time.</doc>
<msg timestamp="20221126 23:39:57.840" level="INFO">Slept 1 second</msg>
<status status="PASS" starttime="20221126 23:39:56.840" endtime="20221126 23:39:57.840"/>
</kw>
<kw name="Close Browser" library="SeleniumLibrary">
<doc>Closes the current browser.</doc>
<status status="PASS" starttime="20221126 23:39:57.840" endtime="20221126 23:40:00.210"/>
</kw>
<status status="PASS" starttime="20221126 23:39:49.885" endtime="20221126 23:40:00.210"/>
</test>
<status status="PASS" starttime="20221126 23:39:14.645" endtime="20221126 23:40:00.214"/>
</suite>
<statistics>
<total>
<stat pass="3" fail="0" skip="0">All Tests</stat>
</total>
<tag>
</tag>
<suite>
<stat pass="3" fail="0" skip="0" id="s1" name="Order Table">Order Table</stat>
</suite>
</statistics>
<errors>
</errors>
</robot>
